<?xml version="1.0" encoding="UTF-8"?>
<!-- Generated by org.testng.reporters.JUnitXMLReporter -->
<testsuite ignored="7" hostname="pc9" failures="0" tests="5" name="Default test" time="151.58" errors="0" timestamp="2024-01-19T13:18:10 IST">
  <testcase classname="strongroom.Agedcare" name="Login" time="12.65"/>
  <testcase classname="strongroom.Agedcare" name="TransferinImprest" time="22.725"/>
  <testcase classname="strongroom.Agedcare" name="TransferinPatient" time="26.866"/>
  <testcase classname="strongroom.Agedcare" name="TransferoutImprest" time="24.571"/>
  <testcase classname="strongroom.Agedcare" name="TransferoutPatient" time="25.778"/>
  <testcase classname="strongroom.Agedcare" name="DestroyPatient" time="0.0">
    <ignored/>
  </testcase> <!-- DestroyPatient -->
  <testcase classname="strongroom.Agedcare" name="OutgoingPatient" time="0.0">
    <ignored/>
  </testcase> <!-- OutgoingPatient -->
  <testcase classname="strongroom.Agedcare" name="Destroyimprest" time="0.0">
    <ignored/>
  </testcase> <!-- Destroyimprest -->
  <testcase classname="strongroom.Agedcare" name="Adjustmentimprest" time="0.0">
    <ignored/>
  </testcase> <!-- Adjustmentimprest -->
  <testcase classname="strongroom.Agedcare" name="Outgoingimprest" time="0.0">
    <ignored/>
  </testcase> <!-- Outgoingimprest -->
  <testcase classname="strongroom.Agedcare" name="stocktakeOpen" time="0.0">
    <ignored/>
  </testcase> <!-- stocktakeOpen -->
  <testcase classname="strongroom.Agedcare" name="stocktakeclose" time="0.0">
    <ignored/>
  </testcase> <!-- stocktakeclose -->
</testsuite> <!-- Default test -->
