<?xml version="1.0" encoding="UTF-8"?>
<!-- Generated by org.testng.reporters.JUnitXMLReporter -->
<testsuite ignored="3" hostname="pc9" failures="0" tests="8" name="Default test" time="487.656" errors="0" timestamp="2024-01-23T13:29:05 IST">
  <testcase classname="strongroom.Agedcare" name="TransferinImprest" time="54.865"/>
  <testcase classname="strongroom.Agedcare" name="TransferinPatient" time="53.502"/>
  <testcase classname="strongroom.Agedcare" name="TransferoutImprest" time="56.537"/>
  <testcase classname="strongroom.Agedcare" name="TransferoutPatient" time="52.303"/>
  <testcase classname="strongroom.Agedcare" name="Destroyimprest" time="51.576"/>
  <testcase classname="strongroom.Agedcare" name="DestroyPatient" time="46.879"/>
  <testcase classname="strongroom.Agedcare" name="Outgoingimprest" time="51.267"/>
  <testcase classname="strongroom.Agedcare" name="OutgoingPatient" time="46.951"/>
  <testcase classname="strongroom.Agedcare" name="Adjustmentimprest" time="0.0">
    <ignored/>
  </testcase> <!-- Adjustmentimprest -->
  <testcase classname="strongroom.Agedcare" name="stocktakeOpen" time="0.0">
    <ignored/>
  </testcase> <!-- stocktakeOpen -->
  <testcase classname="strongroom.Agedcare" name="stocktakeclose" time="0.0">
    <ignored/>
  </testcase> <!-- stocktakeclose -->
</testsuite> <!-- Default test -->
