<?xml version="1.0" encoding="UTF-8"?>
<!-- Generated by org.testng.reporters.JUnitXMLReporter -->
<testsuite ignored="11" hostname="pc9" failures="0" tests="1" name="Aged care" time="16.72" errors="0" timestamp="2024-01-10T16:17:40 IST">
  <testcase classname="strongroom.Agedcare" name="Login" time="12.295"/>
  <testcase classname="strongroom.Agedcare" name="TransferinImprest" time="0.0">
    <ignored/>
  </testcase> <!-- TransferinImprest -->
  <testcase classname="strongroom.Agedcare" name="DestroyPatient" time="0.0">
    <ignored/>
  </testcase> <!-- DestroyPatient -->
  <testcase classname="strongroom.Agedcare" name="TransferoutImprest" time="0.0">
    <ignored/>
  </testcase> <!-- TransferoutImprest -->
  <testcase classname="strongroom.Agedcare" name="TransferoutPatient" time="0.0">
    <ignored/>
  </testcase> <!-- TransferoutPatient -->
  <testcase classname="strongroom.Agedcare" name="OutgoingPatient" time="0.0">
    <ignored/>
  </testcase> <!-- OutgoingPatient -->
  <testcase classname="strongroom.Agedcare" name="Destroyimprest" time="0.0">
    <ignored/>
  </testcase> <!-- Destroyimprest -->
  <testcase classname="strongroom.Agedcare" name="Adjustmentimprest" time="0.0">
    <ignored/>
  </testcase> <!-- Adjustmentimprest -->
  <testcase classname="strongroom.Agedcare" name="TransferinPatient" time="0.0">
    <ignored/>
  </testcase> <!-- TransferinPatient -->
  <testcase classname="strongroom.Agedcare" name="Outgoingimprest" time="0.0">
    <ignored/>
  </testcase> <!-- Outgoingimprest -->
  <testcase classname="strongroom.Agedcare" name="stocktakeOpen" time="0.0">
    <ignored/>
  </testcase> <!-- stocktakeOpen -->
  <testcase classname="strongroom.Agedcare" name="stocktakeclose" time="0.0">
    <ignored/>
  </testcase> <!-- stocktakeclose -->
</testsuite> <!-- Aged care -->
