<?xml version="1.0" encoding="UTF-8"?>
<testng-results ignored="3" total="11" passed="8" failed="0" skipped="0">
  <reporter-output>
  </reporter-output>
  <suite started-at="2024-01-23T13:20:57 IST" name="Default suite" finished-at="2024-01-23T13:29:05 IST" duration-ms="487656">
    <groups>
    </groups>
    <test started-at="2024-01-23T13:20:57 IST" name="Default test" finished-at="2024-01-23T13:29:05 IST" duration-ms="487656">
      <class name="strongroom.Agedcare">
        <test-method is-config="true" signature="setUp()[pri:0, instance:strongroom.Agedcare@61001b64]" started-at="2024-01-23T13:20:57 IST" name="setUp" finished-at="2024-01-23T13:21:12 IST" duration-ms="15054" status="PASS">
          <reporter-output>
          </reporter-output>
        </test-method> <!-- setUp -->
        <test-method signature="TransferinImprest()[pri:1, instance:strongroom.Agedcare@61001b64]" started-at="2024-01-23T13:21:12 IST" name="TransferinImprest" finished-at="2024-01-23T13:22:07 IST" duration-ms="54865" status="PASS">
          <reporter-output>
          </reporter-output>
        </test-method> <!-- TransferinImprest -->
        <test-method is-config="true" signature="tearDown(org.testng.ITestResult)[pri:0, instance:strongroom.Agedcare@61001b64]" started-at="2024-01-23T13:22:07 IST" name="tearDown" finished-at="2024-01-23T13:22:15 IST" duration-ms="8418" status="PASS">
          <params>
            <param index="0">
              <value>
                <![CDATA[[TestResult name=TransferinImprest status=SUCCESS method=Agedcare.TransferinImprest()[pri:1, instance:strongroom.Agedcare@61001b64] output={null}]]]>
              </value>
            </param>
          </params>
          <reporter-output>
          </reporter-output>
        </test-method> <!-- tearDown -->
        <test-method signature="TransferinPatient()[pri:2, instance:strongroom.Agedcare@61001b64]" started-at="2024-01-23T13:22:15 IST" name="TransferinPatient" finished-at="2024-01-23T13:23:09 IST" duration-ms="53502" status="PASS">
          <reporter-output>
          </reporter-output>
        </test-method> <!-- TransferinPatient -->
        <test-method is-config="true" signature="tearDown(org.testng.ITestResult)[pri:0, instance:strongroom.Agedcare@61001b64]" started-at="2024-01-23T13:23:09 IST" name="tearDown" finished-at="2024-01-23T13:23:16 IST" duration-ms="6936" status="PASS">
          <params>
            <param index="0">
              <value>
                <![CDATA[[TestResult name=TransferinPatient status=SUCCESS method=Agedcare.TransferinPatient()[pri:2, instance:strongroom.Agedcare@61001b64] output={null}]]]>
              </value>
            </param>
          </params>
          <reporter-output>
          </reporter-output>
        </test-method> <!-- tearDown -->
        <test-method signature="TransferoutImprest()[pri:3, instance:strongroom.Agedcare@61001b64]" started-at="2024-01-23T13:23:16 IST" name="TransferoutImprest" finished-at="2024-01-23T13:24:12 IST" duration-ms="56537" status="PASS">
          <reporter-output>
          </reporter-output>
        </test-method> <!-- TransferoutImprest -->
        <test-method is-config="true" signature="tearDown(org.testng.ITestResult)[pri:0, instance:strongroom.Agedcare@61001b64]" started-at="2024-01-23T13:24:12 IST" name="tearDown" finished-at="2024-01-23T13:24:19 IST" duration-ms="6625" status="PASS">
          <params>
            <param index="0">
              <value>
                <![CDATA[[TestResult name=TransferoutImprest status=SUCCESS method=Agedcare.TransferoutImprest()[pri:3, instance:strongroom.Agedcare@61001b64] output={null}]]]>
              </value>
            </param>
          </params>
          <reporter-output>
          </reporter-output>
        </test-method> <!-- tearDown -->
        <test-method signature="TransferoutPatient()[pri:4, instance:strongroom.Agedcare@61001b64]" started-at="2024-01-23T13:24:19 IST" name="TransferoutPatient" finished-at="2024-01-23T13:25:11 IST" duration-ms="52303" status="PASS">
          <reporter-output>
          </reporter-output>
        </test-method> <!-- TransferoutPatient -->
        <test-method is-config="true" signature="tearDown(org.testng.ITestResult)[pri:0, instance:strongroom.Agedcare@61001b64]" started-at="2024-01-23T13:25:11 IST" name="tearDown" finished-at="2024-01-23T13:25:18 IST" duration-ms="6843" status="PASS">
          <params>
            <param index="0">
              <value>
                <![CDATA[[TestResult name=TransferoutPatient status=SUCCESS method=Agedcare.TransferoutPatient()[pri:4, instance:strongroom.Agedcare@61001b64] output={null}]]]>
              </value>
            </param>
          </params>
          <reporter-output>
          </reporter-output>
        </test-method> <!-- tearDown -->
        <test-method signature="Destroyimprest()[pri:5, instance:strongroom.Agedcare@61001b64]" started-at="2024-01-23T13:25:18 IST" name="Destroyimprest" finished-at="2024-01-23T13:26:10 IST" duration-ms="51576" status="PASS">
          <reporter-output>
          </reporter-output>
        </test-method> <!-- Destroyimprest -->
        <test-method is-config="true" signature="tearDown(org.testng.ITestResult)[pri:0, instance:strongroom.Agedcare@61001b64]" started-at="2024-01-23T13:26:10 IST" name="tearDown" finished-at="2024-01-23T13:26:16 IST" duration-ms="6738" status="PASS">
          <params>
            <param index="0">
              <value>
                <![CDATA[[TestResult name=Destroyimprest status=SUCCESS method=Agedcare.Destroyimprest()[pri:5, instance:strongroom.Agedcare@61001b64] output={null}]]]>
              </value>
            </param>
          </params>
          <reporter-output>
          </reporter-output>
        </test-method> <!-- tearDown -->
        <test-method signature="DestroyPatient()[pri:6, instance:strongroom.Agedcare@61001b64]" started-at="2024-01-23T13:26:16 IST" name="DestroyPatient" finished-at="2024-01-23T13:27:03 IST" duration-ms="46879" status="PASS">
          <reporter-output>
          </reporter-output>
        </test-method> <!-- DestroyPatient -->
        <test-method is-config="true" signature="tearDown(org.testng.ITestResult)[pri:0, instance:strongroom.Agedcare@61001b64]" started-at="2024-01-23T13:27:03 IST" name="tearDown" finished-at="2024-01-23T13:27:11 IST" duration-ms="7736" status="PASS">
          <params>
            <param index="0">
              <value>
                <![CDATA[[TestResult name=DestroyPatient status=SUCCESS method=Agedcare.DestroyPatient()[pri:6, instance:strongroom.Agedcare@61001b64] output={null}]]]>
              </value>
            </param>
          </params>
          <reporter-output>
          </reporter-output>
        </test-method> <!-- tearDown -->
        <test-method signature="Outgoingimprest()[pri:7, instance:strongroom.Agedcare@61001b64]" started-at="2024-01-23T13:27:11 IST" name="Outgoingimprest" finished-at="2024-01-23T13:28:02 IST" duration-ms="51267" status="PASS">
          <reporter-output>
          </reporter-output>
        </test-method> <!-- Outgoingimprest -->
        <test-method is-config="true" signature="tearDown(org.testng.ITestResult)[pri:0, instance:strongroom.Agedcare@61001b64]" started-at="2024-01-23T13:28:02 IST" name="tearDown" finished-at="2024-01-23T13:28:10 IST" duration-ms="8223" status="PASS">
          <params>
            <param index="0">
              <value>
                <![CDATA[[TestResult name=Outgoingimprest status=SUCCESS method=Agedcare.Outgoingimprest()[pri:7, instance:strongroom.Agedcare@61001b64] output={null}]]]>
              </value>
            </param>
          </params>
          <reporter-output>
          </reporter-output>
        </test-method> <!-- tearDown -->
        <test-method signature="OutgoingPatient()[pri:8, instance:strongroom.Agedcare@61001b64]" started-at="2024-01-23T13:28:10 IST" name="OutgoingPatient" finished-at="2024-01-23T13:28:57 IST" duration-ms="46951" status="PASS">
          <reporter-output>
          </reporter-output>
        </test-method> <!-- OutgoingPatient -->
        <test-method is-config="true" signature="tearDown(org.testng.ITestResult)[pri:0, instance:strongroom.Agedcare@61001b64]" started-at="2024-01-23T13:28:57 IST" name="tearDown" finished-at="2024-01-23T13:29:04 IST" duration-ms="7038" status="PASS">
          <params>
            <param index="0">
              <value>
                <![CDATA[[TestResult name=OutgoingPatient status=SUCCESS method=Agedcare.OutgoingPatient()[pri:8, instance:strongroom.Agedcare@61001b64] output={null}]]]>
              </value>
            </param>
          </params>
          <reporter-output>
          </reporter-output>
        </test-method> <!-- tearDown -->
        <test-method is-config="true" signature="tearDown()[pri:0, instance:strongroom.Agedcare@61001b64]" started-at="2024-01-23T13:29:04 IST" name="tearDown" finished-at="2024-01-23T13:29:05 IST" duration-ms="98" status="PASS">
          <reporter-output>
          </reporter-output>
        </test-method> <!-- tearDown -->
      </class> <!-- strongroom.Agedcare -->
    </test> <!-- Default test -->
  </suite> <!-- Default suite -->
</testng-results>
