<?xml version="1.0" encoding="UTF-8"?>
<testng-results ignored="11" total="12" passed="1" failed="0" skipped="0">
  <reporter-output>
  </reporter-output>
  <suite started-at="2024-01-10T16:17:23 IST" name="Aged care" finished-at="2024-01-10T16:17:40 IST" duration-ms="16720">
    <groups>
    </groups>
    <test started-at="2024-01-10T16:17:23 IST" name="Aged care" finished-at="2024-01-10T16:17:40 IST" duration-ms="16720">
      <class name="strongroom.Agedcare">
        <test-method is-config="true" signature="setUp()[pri:0, instance:strongroom.Agedcare@6253c26]" started-at="2024-01-10T16:17:23 IST" name="setUp" finished-at="2024-01-10T16:17:26 IST" duration-ms="2875" status="PASS">
          <reporter-output>
          </reporter-output>
        </test-method> <!-- setUp -->
        <test-method signature="Login()[pri:0, instance:strongroom.Agedcare@6253c26]" started-at="2024-01-10T16:17:26 IST" name="Login" finished-at="2024-01-10T16:17:38 IST" duration-ms="12295" status="PASS">
          <reporter-output>
          </reporter-output>
        </test-method> <!-- Login -->
        <test-method is-config="true" signature="tearDown(org.testng.ITestResult)[pri:0, instance:strongroom.Agedcare@6253c26]" started-at="2024-01-10T16:17:38 IST" name="tearDown" finished-at="2024-01-10T16:17:39 IST" duration-ms="1446" status="PASS">
          <params>
            <param index="0">
              <value>
                <![CDATA[[TestResult name=Login status=SUCCESS method=Agedcare.Login()[pri:0, instance:strongroom.Agedcare@6253c26] output={null}]]]>
              </value>
            </param>
          </params>
          <reporter-output>
          </reporter-output>
        </test-method> <!-- tearDown -->
        <test-method is-config="true" signature="tearDown()[pri:0, instance:strongroom.Agedcare@6253c26]" started-at="2024-01-10T16:17:39 IST" name="tearDown" finished-at="2024-01-10T16:17:40 IST" duration-ms="82" status="PASS">
          <reporter-output>
          </reporter-output>
        </test-method> <!-- tearDown -->
      </class> <!-- strongroom.Agedcare -->
    </test> <!-- Aged care -->
  </suite> <!-- Aged care -->
</testng-results>
