<?xml version="1.0" encoding="UTF-8"?>
<testng-results ignored="0" total="29" passed="17" failed="12" skipped="0">
  <reporter-output>
  </reporter-output>
  <suite started-at="2024-01-17T14:38:36 IST" name="Default suite" finished-at="2024-01-17T14:49:31 IST" duration-ms="655580">
    <groups>
    </groups>
    <test started-at="2024-01-17T14:38:36 IST" name="Default test" finished-at="2024-01-17T14:49:31 IST" duration-ms="655580">
      <class name="strongroom.Agedcare">
        <test-method is-config="true" signature="setUp()[pri:0, instance:strongroom.Agedcare@4310d43]" started-at="2024-01-17T14:38:36 IST" name="setUp" finished-at="2024-01-17T14:38:39 IST" duration-ms="3542" status="PASS">
          <reporter-output>
          </reporter-output>
        </test-method> <!-- setUp -->
        <test-method signature="Login()[pri:0, instance:strongroom.Agedcare@4310d43]" started-at="2024-01-17T14:38:39 IST" name="Login" finished-at="2024-01-17T14:38:53 IST" duration-ms="13707" status="PASS">
          <reporter-output>
          </reporter-output>
        </test-method> <!-- Login -->
        <test-method is-config="true" signature="tearDown(org.testng.ITestResult)[pri:0, instance:strongroom.Agedcare@4310d43]" started-at="2024-01-17T14:38:53 IST" name="tearDown" finished-at="2024-01-17T14:39:01 IST" duration-ms="8051" status="PASS">
          <params>
            <param index="0">
              <value>
                <![CDATA[[TestResult name=Login status=SUCCESS method=Agedcare.Login()[pri:0, instance:strongroom.Agedcare@4310d43] output={null}]]]>
              </value>
            </param>
          </params>
          <reporter-output>
          </reporter-output>
        </test-method> <!-- tearDown -->
        <test-method signature="TransferinImprest()[pri:1, instance:strongroom.Agedcare@4310d43]" started-at="2024-01-17T14:39:01 IST" name="TransferinImprest" finished-at="2024-01-17T14:39:24 IST" duration-ms="22709" status="PASS">
          <reporter-output>
          </reporter-output>
        </test-method> <!-- TransferinImprest -->
        <test-method is-config="true" signature="tearDown(org.testng.ITestResult)[pri:0, instance:strongroom.Agedcare@4310d43]" started-at="2024-01-17T14:39:24 IST" name="tearDown" finished-at="2024-01-17T14:39:32 IST" duration-ms="8152" status="PASS">
          <params>
            <param index="0">
              <value>
                <![CDATA[[TestResult name=TransferinImprest status=SUCCESS method=Agedcare.TransferinImprest()[pri:1, instance:strongroom.Agedcare@4310d43] output={null}]]]>
              </value>
            </param>
          </params>
          <reporter-output>
          </reporter-output>
        </test-method> <!-- tearDown -->
        <test-method signature="TransferinImprest()[pri:1, instance:strongroom.Agedcare@4310d43]" started-at="2024-01-17T14:39:32 IST" name="TransferinImprest" finished-at="2024-01-17T14:39:54 IST" duration-ms="22629" status="PASS">
          <reporter-output>
          </reporter-output>
        </test-method> <!-- TransferinImprest -->
        <test-method is-config="true" signature="tearDown(org.testng.ITestResult)[pri:0, instance:strongroom.Agedcare@4310d43]" started-at="2024-01-17T14:39:54 IST" name="tearDown" finished-at="2024-01-17T14:40:01 IST" duration-ms="6978" status="PASS">
          <params>
            <param index="0">
              <value>
                <![CDATA[[TestResult name=TransferinImprest status=SUCCESS method=Agedcare.TransferinImprest()[pri:1, instance:strongroom.Agedcare@4310d43] output={null}]]]>
              </value>
            </param>
          </params>
          <reporter-output>
          </reporter-output>
        </test-method> <!-- tearDown -->
        <test-method signature="TransferinImprest()[pri:1, instance:strongroom.Agedcare@4310d43]" started-at="2024-01-17T14:40:01 IST" name="TransferinImprest" finished-at="2024-01-17T14:40:24 IST" duration-ms="22634" status="PASS">
          <reporter-output>
          </reporter-output>
        </test-method> <!-- TransferinImprest -->
        <test-method is-config="true" signature="tearDown(org.testng.ITestResult)[pri:0, instance:strongroom.Agedcare@4310d43]" started-at="2024-01-17T14:40:24 IST" name="tearDown" finished-at="2024-01-17T14:40:36 IST" duration-ms="11797" status="PASS">
          <params>
            <param index="0">
              <value>
                <![CDATA[[TestResult name=TransferinImprest status=SUCCESS method=Agedcare.TransferinImprest()[pri:1, instance:strongroom.Agedcare@4310d43] output={null}]]]>
              </value>
            </param>
          </params>
          <reporter-output>
          </reporter-output>
        </test-method> <!-- tearDown -->
        <test-method signature="TransferinPatient()[pri:2, instance:strongroom.Agedcare@4310d43]" started-at="2024-01-17T14:40:36 IST" name="TransferinPatient" finished-at="2024-01-17T14:41:03 IST" duration-ms="26757" status="PASS">
          <reporter-output>
          </reporter-output>
        </test-method> <!-- TransferinPatient -->
        <test-method is-config="true" signature="tearDown(org.testng.ITestResult)[pri:0, instance:strongroom.Agedcare@4310d43]" started-at="2024-01-17T14:41:03 IST" name="tearDown" finished-at="2024-01-17T14:41:11 IST" duration-ms="8718" status="PASS">
          <params>
            <param index="0">
              <value>
                <![CDATA[[TestResult name=TransferinPatient status=SUCCESS method=Agedcare.TransferinPatient()[pri:2, instance:strongroom.Agedcare@4310d43] output={null}]]]>
              </value>
            </param>
          </params>
          <reporter-output>
          </reporter-output>
        </test-method> <!-- tearDown -->
        <test-method signature="TransferinPatient()[pri:2, instance:strongroom.Agedcare@4310d43]" started-at="2024-01-17T14:41:11 IST" name="TransferinPatient" finished-at="2024-01-17T14:41:38 IST" duration-ms="27104" status="PASS">
          <reporter-output>
          </reporter-output>
        </test-method> <!-- TransferinPatient -->
        <test-method is-config="true" signature="tearDown(org.testng.ITestResult)[pri:0, instance:strongroom.Agedcare@4310d43]" started-at="2024-01-17T14:41:38 IST" name="tearDown" finished-at="2024-01-17T14:41:45 IST" duration-ms="6775" status="PASS">
          <params>
            <param index="0">
              <value>
                <![CDATA[[TestResult name=TransferinPatient status=SUCCESS method=Agedcare.TransferinPatient()[pri:2, instance:strongroom.Agedcare@4310d43] output={null}]]]>
              </value>
            </param>
          </params>
          <reporter-output>
          </reporter-output>
        </test-method> <!-- tearDown -->
        <test-method signature="TransferinPatient()[pri:2, instance:strongroom.Agedcare@4310d43]" started-at="2024-01-17T14:41:45 IST" name="TransferinPatient" finished-at="2024-01-17T14:42:12 IST" duration-ms="26846" status="PASS">
          <reporter-output>
          </reporter-output>
        </test-method> <!-- TransferinPatient -->
        <test-method is-config="true" signature="tearDown(org.testng.ITestResult)[pri:0, instance:strongroom.Agedcare@4310d43]" started-at="2024-01-17T14:42:12 IST" name="tearDown" finished-at="2024-01-17T14:42:20 IST" duration-ms="8146" status="PASS">
          <params>
            <param index="0">
              <value>
                <![CDATA[[TestResult name=TransferinPatient status=SUCCESS method=Agedcare.TransferinPatient()[pri:2, instance:strongroom.Agedcare@4310d43] output={null}]]]>
              </value>
            </param>
          </params>
          <reporter-output>
          </reporter-output>
        </test-method> <!-- tearDown -->
        <test-method signature="TransferoutImprest()[pri:3, instance:strongroom.Agedcare@4310d43]" started-at="2024-01-17T14:42:20 IST" name="TransferoutImprest" finished-at="2024-01-17T14:42:45 IST" duration-ms="24454" status="PASS">
          <reporter-output>
          </reporter-output>
        </test-method> <!-- TransferoutImprest -->
        <test-method is-config="true" signature="tearDown(org.testng.ITestResult)[pri:0, instance:strongroom.Agedcare@4310d43]" started-at="2024-01-17T14:42:45 IST" name="tearDown" finished-at="2024-01-17T14:42:54 IST" duration-ms="9668" status="PASS">
          <params>
            <param index="0">
              <value>
                <![CDATA[[TestResult name=TransferoutImprest status=SUCCESS method=Agedcare.TransferoutImprest()[pri:3, instance:strongroom.Agedcare@4310d43] output={null}]]]>
              </value>
            </param>
          </params>
          <reporter-output>
          </reporter-output>
        </test-method> <!-- tearDown -->
        <test-method signature="TransferoutImprest()[pri:3, instance:strongroom.Agedcare@4310d43]" started-at="2024-01-17T14:42:54 IST" name="TransferoutImprest" finished-at="2024-01-17T14:43:19 IST" duration-ms="24619" status="PASS">
          <reporter-output>
          </reporter-output>
        </test-method> <!-- TransferoutImprest -->
        <test-method is-config="true" signature="tearDown(org.testng.ITestResult)[pri:0, instance:strongroom.Agedcare@4310d43]" started-at="2024-01-17T14:43:19 IST" name="tearDown" finished-at="2024-01-17T14:43:29 IST" duration-ms="10241" status="PASS">
          <params>
            <param index="0">
              <value>
                <![CDATA[[TestResult name=TransferoutImprest status=SUCCESS method=Agedcare.TransferoutImprest()[pri:3, instance:strongroom.Agedcare@4310d43] output={null}]]]>
              </value>
            </param>
          </params>
          <reporter-output>
          </reporter-output>
        </test-method> <!-- tearDown -->
        <test-method signature="TransferoutImprest()[pri:3, instance:strongroom.Agedcare@4310d43]" started-at="2024-01-17T14:43:29 IST" name="TransferoutImprest" finished-at="2024-01-17T14:43:54 IST" duration-ms="24367" status="PASS">
          <reporter-output>
          </reporter-output>
        </test-method> <!-- TransferoutImprest -->
        <test-method is-config="true" signature="tearDown(org.testng.ITestResult)[pri:0, instance:strongroom.Agedcare@4310d43]" started-at="2024-01-17T14:43:54 IST" name="tearDown" finished-at="2024-01-17T14:44:02 IST" duration-ms="8724" status="PASS">
          <params>
            <param index="0">
              <value>
                <![CDATA[[TestResult name=TransferoutImprest status=SUCCESS method=Agedcare.TransferoutImprest()[pri:3, instance:strongroom.Agedcare@4310d43] output={null}]]]>
              </value>
            </param>
          </params>
          <reporter-output>
          </reporter-output>
        </test-method> <!-- tearDown -->
        <test-method signature="TransferoutPatient()[pri:4, instance:strongroom.Agedcare@4310d43]" started-at="2024-01-17T14:44:02 IST" name="TransferoutPatient" finished-at="2024-01-17T14:44:29 IST" duration-ms="26288" status="PASS">
          <reporter-output>
          </reporter-output>
        </test-method> <!-- TransferoutPatient -->
        <test-method is-config="true" signature="tearDown(org.testng.ITestResult)[pri:0, instance:strongroom.Agedcare@4310d43]" started-at="2024-01-17T14:44:29 IST" name="tearDown" finished-at="2024-01-17T14:44:37 IST" duration-ms="8438" status="PASS">
          <params>
            <param index="0">
              <value>
                <![CDATA[[TestResult name=TransferoutPatient status=SUCCESS method=Agedcare.TransferoutPatient()[pri:4, instance:strongroom.Agedcare@4310d43] output={null}]]]>
              </value>
            </param>
          </params>
          <reporter-output>
          </reporter-output>
        </test-method> <!-- tearDown -->
        <test-method signature="TransferoutPatient()[pri:4, instance:strongroom.Agedcare@4310d43]" started-at="2024-01-17T14:44:37 IST" name="TransferoutPatient" finished-at="2024-01-17T14:45:03 IST" duration-ms="25872" status="PASS">
          <reporter-output>
          </reporter-output>
        </test-method> <!-- TransferoutPatient -->
        <test-method is-config="true" signature="tearDown(org.testng.ITestResult)[pri:0, instance:strongroom.Agedcare@4310d43]" started-at="2024-01-17T14:45:03 IST" name="tearDown" finished-at="2024-01-17T14:45:18 IST" duration-ms="14954" status="PASS">
          <params>
            <param index="0">
              <value>
                <![CDATA[[TestResult name=TransferoutPatient status=SUCCESS method=Agedcare.TransferoutPatient()[pri:4, instance:strongroom.Agedcare@4310d43] output={null}]]]>
              </value>
            </param>
          </params>
          <reporter-output>
          </reporter-output>
        </test-method> <!-- tearDown -->
        <test-method signature="TransferoutPatient()[pri:4, instance:strongroom.Agedcare@4310d43]" started-at="2024-01-17T14:45:18 IST" name="TransferoutPatient" finished-at="2024-01-17T14:45:44 IST" duration-ms="25747" status="PASS">
          <reporter-output>
          </reporter-output>
        </test-method> <!-- TransferoutPatient -->
        <test-method is-config="true" signature="tearDown(org.testng.ITestResult)[pri:0, instance:strongroom.Agedcare@4310d43]" started-at="2024-01-17T14:45:44 IST" name="tearDown" finished-at="2024-01-17T14:45:53 IST" duration-ms="9541" status="PASS">
          <params>
            <param index="0">
              <value>
                <![CDATA[[TestResult name=TransferoutPatient status=SUCCESS method=Agedcare.TransferoutPatient()[pri:4, instance:strongroom.Agedcare@4310d43] output={null}]]]>
              </value>
            </param>
          </params>
          <reporter-output>
          </reporter-output>
        </test-method> <!-- tearDown -->
        <test-method signature="Destroyimprest()[pri:5, instance:strongroom.Agedcare@4310d43]" started-at="2024-01-17T14:45:53 IST" name="Destroyimprest" finished-at="2024-01-17T14:46:13 IST" duration-ms="19454" status="PASS">
          <reporter-output>
          </reporter-output>
        </test-method> <!-- Destroyimprest -->
        <test-method is-config="true" signature="tearDown(org.testng.ITestResult)[pri:0, instance:strongroom.Agedcare@4310d43]" started-at="2024-01-17T14:46:13 IST" name="tearDown" finished-at="2024-01-17T14:46:21 IST" duration-ms="8320" status="PASS">
          <params>
            <param index="0">
              <value>
                <![CDATA[[TestResult name=Destroyimprest status=SUCCESS method=Agedcare.Destroyimprest()[pri:5, instance:strongroom.Agedcare@4310d43] output={null}]]]>
              </value>
            </param>
          </params>
          <reporter-output>
          </reporter-output>
        </test-method> <!-- tearDown -->
        <test-method signature="Destroyimprest()[pri:5, instance:strongroom.Agedcare@4310d43]" started-at="2024-01-17T14:46:21 IST" name="Destroyimprest" finished-at="2024-01-17T14:46:40 IST" duration-ms="19448" status="PASS">
          <reporter-output>
          </reporter-output>
        </test-method> <!-- Destroyimprest -->
        <test-method is-config="true" signature="tearDown(org.testng.ITestResult)[pri:0, instance:strongroom.Agedcare@4310d43]" started-at="2024-01-17T14:46:40 IST" name="tearDown" finished-at="2024-01-17T14:46:48 IST" duration-ms="7230" status="PASS">
          <params>
            <param index="0">
              <value>
                <![CDATA[[TestResult name=Destroyimprest status=SUCCESS method=Agedcare.Destroyimprest()[pri:5, instance:strongroom.Agedcare@4310d43] output={null}]]]>
              </value>
            </param>
          </params>
          <reporter-output>
          </reporter-output>
        </test-method> <!-- tearDown -->
        <test-method signature="Destroyimprest()[pri:5, instance:strongroom.Agedcare@4310d43]" started-at="2024-01-17T14:46:48 IST" name="Destroyimprest" finished-at="2024-01-17T14:47:07 IST" duration-ms="19354" status="PASS">
          <reporter-output>
          </reporter-output>
        </test-method> <!-- Destroyimprest -->
        <test-method is-config="true" signature="tearDown(org.testng.ITestResult)[pri:0, instance:strongroom.Agedcare@4310d43]" started-at="2024-01-17T14:47:07 IST" name="tearDown" finished-at="2024-01-17T14:47:17 IST" duration-ms="9730" status="PASS">
          <params>
            <param index="0">
              <value>
                <![CDATA[[TestResult name=Destroyimprest status=SUCCESS method=Agedcare.Destroyimprest()[pri:5, instance:strongroom.Agedcare@4310d43] output={null}]]]>
              </value>
            </param>
          </params>
          <reporter-output>
          </reporter-output>
        </test-method> <!-- tearDown -->
        <test-method signature="DestroyPatient()[pri:6, instance:strongroom.Agedcare@4310d43]" started-at="2024-01-17T14:47:17 IST" name="DestroyPatient" finished-at="2024-01-17T14:47:38 IST" duration-ms="20965" status="PASS">
          <reporter-output>
          </reporter-output>
        </test-method> <!-- DestroyPatient -->
        <test-method is-config="true" signature="tearDown(org.testng.ITestResult)[pri:0, instance:strongroom.Agedcare@4310d43]" started-at="2024-01-17T14:47:38 IST" name="tearDown" finished-at="2024-01-17T14:47:45 IST" duration-ms="7257" status="PASS">
          <params>
            <param index="0">
              <value>
                <![CDATA[[TestResult name=DestroyPatient status=SUCCESS method=Agedcare.DestroyPatient()[pri:6, instance:strongroom.Agedcare@4310d43] output={null}]]]>
              </value>
            </param>
          </params>
          <reporter-output>
          </reporter-output>
        </test-method> <!-- tearDown -->
        <test-method signature="DestroyPatient()[pri:6, instance:strongroom.Agedcare@4310d43]" started-at="2024-01-17T14:47:45 IST" name="DestroyPatient" finished-at="2024-01-17T14:47:46 IST" duration-ms="1078" status="FAIL">
          <exception class="org.openqa.selenium.ElementClickInterceptedException">
            <message>
              <![CDATA[element click intercepted: Element <button class="actions-menu-item">...</button> is not clickable at point (112, 316). Other element would receive the click: <div class="modal-wrapper">...</div>
  (Session info: chrome=120.0.6099.216)
Build info: version: '4.16.1', revision: '9b4c83354e'
System info: os.name: 'Linux', os.arch: 'amd64', os.version: '5.15.0-91-generic', java.version: '17.0.7'
Driver info: org.openqa.selenium.chrome.ChromeDriver
Command: [1d5d6794b86755f106571fe178b7bfe0, clickElement {id=77B8F958E297B5C22670461E281CE7F3_element_531}]
Capabilities {acceptInsecureCerts: false, browserName: chrome, browserVersion: 120.0.6099.216, chrome: {chromedriverVersion: 120.0.6099.109 (3419140ab66..., userDataDir: /tmp/.org.chromium.Chromium...}, fedcm:accounts: true, goog:chromeOptions: {debuggerAddress: localhost:43407}, networkConnectionEnabled: false, pageLoadStrategy: normal, platformName: linux, proxy: Proxy(), se:cdp: ws://localhost:43407/devtoo..., se:cdpVersion: 120.0.6099.216, setWindowRect: true, strictFileInteractability: false, timeouts: {implicit: 0, pageLoad: 300000, script: 30000}, unhandledPromptBehavior: dismiss and notify, webauthn:extension:credBlob: true, webauthn:extension:largeBlob: true, webauthn:extension:minPinLength: true, webauthn:extension:prf: true, webauthn:virtualAuthenticators: true}
Element: [[ChromeDriver: chrome on linux (1d5d6794b86755f106571fe178b7bfe0)] -> xpath: //button[normalize-space()='Destroy']]
Session ID: 1d5d6794b86755f106571fe178b7bfe0]]>
            </message>
            <full-stacktrace>
              <![CDATA[org.openqa.selenium.ElementClickInterceptedException: element click intercepted: Element <button class="actions-menu-item">...</button> is not clickable at point (112, 316). Other element would receive the click: <div class="modal-wrapper">...</div>
  (Session info: chrome=120.0.6099.216)
Build info: version: '4.16.1', revision: '9b4c83354e'
System info: os.name: 'Linux', os.arch: 'amd64', os.version: '5.15.0-91-generic', java.version: '17.0.7'
Driver info: org.openqa.selenium.chrome.ChromeDriver
Command: [1d5d6794b86755f106571fe178b7bfe0, clickElement {id=77B8F958E297B5C22670461E281CE7F3_element_531}]
Capabilities {acceptInsecureCerts: false, browserName: chrome, browserVersion: 120.0.6099.216, chrome: {chromedriverVersion: 120.0.6099.109 (3419140ab66..., userDataDir: /tmp/.org.chromium.Chromium...}, fedcm:accounts: true, goog:chromeOptions: {debuggerAddress: localhost:43407}, networkConnectionEnabled: false, pageLoadStrategy: normal, platformName: linux, proxy: Proxy(), se:cdp: ws://localhost:43407/devtoo..., se:cdpVersion: 120.0.6099.216, setWindowRect: true, strictFileInteractability: false, timeouts: {implicit: 0, pageLoad: 300000, script: 30000}, unhandledPromptBehavior: dismiss and notify, webauthn:extension:credBlob: true, webauthn:extension:largeBlob: true, webauthn:extension:minPinLength: true, webauthn:extension:prf: true, webauthn:virtualAuthenticators: true}
Element: [[ChromeDriver: chrome on linux (1d5d6794b86755f106571fe178b7bfe0)] -> xpath: //button[normalize-space()='Destroy']]
Session ID: 1d5d6794b86755f106571fe178b7bfe0
at java.base/jdk.internal.reflect.NativeConstructorAccessorImpl.newInstance0(Native Method)
at java.base/jdk.internal.reflect.NativeConstructorAccessorImpl.newInstance(NativeConstructorAccessorImpl.java:77)
at java.base/jdk.internal.reflect.DelegatingConstructorAccessorImpl.newInstance(DelegatingConstructorAccessorImpl.java:45)
at java.base/java.lang.reflect.Constructor.newInstanceWithCaller(Constructor.java:499)
at java.base/java.lang.reflect.Constructor.newInstance(Constructor.java:480)
at org.openqa.selenium.remote.codec.w3c.W3CHttpResponseCodec.createException(W3CHttpResponseCodec.java:200)
at org.openqa.selenium.remote.codec.w3c.W3CHttpResponseCodec.decode(W3CHttpResponseCodec.java:133)
at org.openqa.selenium.remote.codec.w3c.W3CHttpResponseCodec.decode(W3CHttpResponseCodec.java:52)
at org.openqa.selenium.remote.HttpCommandExecutor.execute(HttpCommandExecutor.java:191)
at org.openqa.selenium.remote.service.DriverCommandExecutor.invokeExecute(DriverCommandExecutor.java:200)
at org.openqa.selenium.remote.service.DriverCommandExecutor.execute(DriverCommandExecutor.java:175)
at org.openqa.selenium.remote.RemoteWebDriver.execute(RemoteWebDriver.java:523)
at org.openqa.selenium.remote.RemoteWebElement.execute(RemoteWebElement.java:224)
at org.openqa.selenium.remote.RemoteWebElement.click(RemoteWebElement.java:77)
at objects.DestroyPatientPage.Destroy(DestroyPatientPage.java:52)
at strongroom.Agedcare.DestroyPatient(Agedcare.java:132)
at java.base/jdk.internal.reflect.NativeMethodAccessorImpl.invoke0(Native Method)
at java.base/jdk.internal.reflect.NativeMethodAccessorImpl.invoke(NativeMethodAccessorImpl.java:77)
at java.base/jdk.internal.reflect.DelegatingMethodAccessorImpl.invoke(DelegatingMethodAccessorImpl.java:43)
at java.base/java.lang.reflect.Method.invoke(Method.java:568)
at org.testng.internal.MethodInvocationHelper.invokeMethod(MethodInvocationHelper.java:133)
at org.testng.internal.TestInvoker.invokeMethod(TestInvoker.java:598)
at org.testng.internal.TestInvoker.invokeTestMethod(TestInvoker.java:173)
at org.testng.internal.MethodRunner.runInSequence(MethodRunner.java:46)
at org.testng.internal.TestInvoker$MethodInvocationAgent.invoke(TestInvoker.java:824)
at org.testng.internal.TestInvoker.invokeTestMethods(TestInvoker.java:146)
at org.testng.internal.TestMethodWorker.invokeTestMethods(TestMethodWorker.java:146)
at org.testng.internal.TestMethodWorker.run(TestMethodWorker.java:128)
at java.base/java.util.ArrayList.forEach(ArrayList.java:1511)
at org.testng.TestRunner.privateRun(TestRunner.java:794)
at org.testng.TestRunner.run(TestRunner.java:596)
at org.testng.SuiteRunner.runTest(SuiteRunner.java:377)
at org.testng.SuiteRunner.runSequentially(SuiteRunner.java:371)
at org.testng.SuiteRunner.privateRun(SuiteRunner.java:332)
at org.testng.SuiteRunner.run(SuiteRunner.java:276)
at org.testng.SuiteRunnerWorker.runSuite(SuiteRunnerWorker.java:53)
at org.testng.SuiteRunnerWorker.run(SuiteRunnerWorker.java:96)
at org.testng.TestNG.runSuitesSequentially(TestNG.java:1212)
at org.testng.TestNG.runSuitesLocally(TestNG.java:1134)
at org.testng.TestNG.runSuites(TestNG.java:1063)
at org.testng.TestNG.run(TestNG.java:1031)
at org.testng.remote.AbstractRemoteTestNG.run(AbstractRemoteTestNG.java:115)
at org.testng.remote.RemoteTestNG.initAndRun(RemoteTestNG.java:251)
at org.testng.remote.RemoteTestNG.main(RemoteTestNG.java:77)
]]>
            </full-stacktrace>
          </exception> <!-- org.openqa.selenium.ElementClickInterceptedException -->
          <reporter-output>
          </reporter-output>
        </test-method> <!-- DestroyPatient -->
        <test-method is-config="true" signature="tearDown(org.testng.ITestResult)[pri:0, instance:strongroom.Agedcare@4310d43]" started-at="2024-01-17T14:47:46 IST" name="tearDown" finished-at="2024-01-17T14:47:53 IST" duration-ms="6979" status="PASS">
          <params>
            <param index="0">
              <value>
                <![CDATA[[TestResult name=DestroyPatient status=FAILURE method=Agedcare.DestroyPatient()[pri:6, instance:strongroom.Agedcare@4310d43] output={null}]]]>
              </value>
            </param>
          </params>
          <reporter-output>
          </reporter-output>
        </test-method> <!-- tearDown -->
        <test-method signature="Outgoingimprest()[pri:7, instance:strongroom.Agedcare@4310d43]" started-at="2024-01-17T14:47:53 IST" name="Outgoingimprest" finished-at="2024-01-17T14:47:54 IST" duration-ms="1113" status="FAIL">
          <exception class="org.openqa.selenium.ElementClickInterceptedException">
            <message>
              <![CDATA[element click intercepted: Element <button class="actions-menu-item">...</button> is not clickable at point (112, 384). Other element would receive the click: <div class="modal-wrapper">...</div>
  (Session info: chrome=120.0.6099.216)
Build info: version: '4.16.1', revision: '9b4c83354e'
System info: os.name: 'Linux', os.arch: 'amd64', os.version: '5.15.0-91-generic', java.version: '17.0.7'
Driver info: org.openqa.selenium.chrome.ChromeDriver
Command: [1d5d6794b86755f106571fe178b7bfe0, clickElement {id=77B8F958E297B5C22670461E281CE7F3_element_681}]
Capabilities {acceptInsecureCerts: false, browserName: chrome, browserVersion: 120.0.6099.216, chrome: {chromedriverVersion: 120.0.6099.109 (3419140ab66..., userDataDir: /tmp/.org.chromium.Chromium...}, fedcm:accounts: true, goog:chromeOptions: {debuggerAddress: localhost:43407}, networkConnectionEnabled: false, pageLoadStrategy: normal, platformName: linux, proxy: Proxy(), se:cdp: ws://localhost:43407/devtoo..., se:cdpVersion: 120.0.6099.216, setWindowRect: true, strictFileInteractability: false, timeouts: {implicit: 0, pageLoad: 300000, script: 30000}, unhandledPromptBehavior: dismiss and notify, webauthn:extension:credBlob: true, webauthn:extension:largeBlob: true, webauthn:extension:minPinLength: true, webauthn:extension:prf: true, webauthn:virtualAuthenticators: true}
Element: [[ChromeDriver: chrome on linux (1d5d6794b86755f106571fe178b7bfe0)] -> xpath: //button[normalize-space()='Outgoing']]
Session ID: 1d5d6794b86755f106571fe178b7bfe0]]>
            </message>
            <full-stacktrace>
              <![CDATA[org.openqa.selenium.ElementClickInterceptedException: element click intercepted: Element <button class="actions-menu-item">...</button> is not clickable at point (112, 384). Other element would receive the click: <div class="modal-wrapper">...</div>
  (Session info: chrome=120.0.6099.216)
Build info: version: '4.16.1', revision: '9b4c83354e'
System info: os.name: 'Linux', os.arch: 'amd64', os.version: '5.15.0-91-generic', java.version: '17.0.7'
Driver info: org.openqa.selenium.chrome.ChromeDriver
Command: [1d5d6794b86755f106571fe178b7bfe0, clickElement {id=77B8F958E297B5C22670461E281CE7F3_element_681}]
Capabilities {acceptInsecureCerts: false, browserName: chrome, browserVersion: 120.0.6099.216, chrome: {chromedriverVersion: 120.0.6099.109 (3419140ab66..., userDataDir: /tmp/.org.chromium.Chromium...}, fedcm:accounts: true, goog:chromeOptions: {debuggerAddress: localhost:43407}, networkConnectionEnabled: false, pageLoadStrategy: normal, platformName: linux, proxy: Proxy(), se:cdp: ws://localhost:43407/devtoo..., se:cdpVersion: 120.0.6099.216, setWindowRect: true, strictFileInteractability: false, timeouts: {implicit: 0, pageLoad: 300000, script: 30000}, unhandledPromptBehavior: dismiss and notify, webauthn:extension:credBlob: true, webauthn:extension:largeBlob: true, webauthn:extension:minPinLength: true, webauthn:extension:prf: true, webauthn:virtualAuthenticators: true}
Element: [[ChromeDriver: chrome on linux (1d5d6794b86755f106571fe178b7bfe0)] -> xpath: //button[normalize-space()='Outgoing']]
Session ID: 1d5d6794b86755f106571fe178b7bfe0
at java.base/jdk.internal.reflect.NativeConstructorAccessorImpl.newInstance0(Native Method)
at java.base/jdk.internal.reflect.NativeConstructorAccessorImpl.newInstance(NativeConstructorAccessorImpl.java:77)
at java.base/jdk.internal.reflect.DelegatingConstructorAccessorImpl.newInstance(DelegatingConstructorAccessorImpl.java:45)
at java.base/java.lang.reflect.Constructor.newInstanceWithCaller(Constructor.java:499)
at java.base/java.lang.reflect.Constructor.newInstance(Constructor.java:480)
at org.openqa.selenium.remote.codec.w3c.W3CHttpResponseCodec.createException(W3CHttpResponseCodec.java:200)
at org.openqa.selenium.remote.codec.w3c.W3CHttpResponseCodec.decode(W3CHttpResponseCodec.java:133)
at org.openqa.selenium.remote.codec.w3c.W3CHttpResponseCodec.decode(W3CHttpResponseCodec.java:52)
at org.openqa.selenium.remote.HttpCommandExecutor.execute(HttpCommandExecutor.java:191)
at org.openqa.selenium.remote.service.DriverCommandExecutor.invokeExecute(DriverCommandExecutor.java:200)
at org.openqa.selenium.remote.service.DriverCommandExecutor.execute(DriverCommandExecutor.java:175)
at org.openqa.selenium.remote.RemoteWebDriver.execute(RemoteWebDriver.java:523)
at org.openqa.selenium.remote.RemoteWebElement.execute(RemoteWebElement.java:224)
at org.openqa.selenium.remote.RemoteWebElement.click(RemoteWebElement.java:77)
at objects.OutgoingimprestPage.Outgoing(OutgoingimprestPage.java:44)
at strongroom.Agedcare.Outgoingimprest(Agedcare.java:120)
at java.base/jdk.internal.reflect.NativeMethodAccessorImpl.invoke0(Native Method)
at java.base/jdk.internal.reflect.NativeMethodAccessorImpl.invoke(NativeMethodAccessorImpl.java:77)
at java.base/jdk.internal.reflect.DelegatingMethodAccessorImpl.invoke(DelegatingMethodAccessorImpl.java:43)
at java.base/java.lang.reflect.Method.invoke(Method.java:568)
at org.testng.internal.MethodInvocationHelper.invokeMethod(MethodInvocationHelper.java:133)
at org.testng.internal.TestInvoker.invokeMethod(TestInvoker.java:598)
at org.testng.internal.TestInvoker.invokeTestMethod(TestInvoker.java:173)
at org.testng.internal.MethodRunner.runInSequence(MethodRunner.java:46)
at org.testng.internal.TestInvoker$MethodInvocationAgent.invoke(TestInvoker.java:824)
at org.testng.internal.TestInvoker.invokeTestMethods(TestInvoker.java:146)
at org.testng.internal.TestMethodWorker.invokeTestMethods(TestMethodWorker.java:146)
at org.testng.internal.TestMethodWorker.run(TestMethodWorker.java:128)
at java.base/java.util.ArrayList.forEach(ArrayList.java:1511)
at org.testng.TestRunner.privateRun(TestRunner.java:794)
at org.testng.TestRunner.run(TestRunner.java:596)
at org.testng.SuiteRunner.runTest(SuiteRunner.java:377)
at org.testng.SuiteRunner.runSequentially(SuiteRunner.java:371)
at org.testng.SuiteRunner.privateRun(SuiteRunner.java:332)
at org.testng.SuiteRunner.run(SuiteRunner.java:276)
at org.testng.SuiteRunnerWorker.runSuite(SuiteRunnerWorker.java:53)
at org.testng.SuiteRunnerWorker.run(SuiteRunnerWorker.java:96)
at org.testng.TestNG.runSuitesSequentially(TestNG.java:1212)
at org.testng.TestNG.runSuitesLocally(TestNG.java:1134)
at org.testng.TestNG.runSuites(TestNG.java:1063)
at org.testng.TestNG.run(TestNG.java:1031)
at org.testng.remote.AbstractRemoteTestNG.run(AbstractRemoteTestNG.java:115)
at org.testng.remote.RemoteTestNG.initAndRun(RemoteTestNG.java:251)
at org.testng.remote.RemoteTestNG.main(RemoteTestNG.java:77)
]]>
            </full-stacktrace>
          </exception> <!-- org.openqa.selenium.ElementClickInterceptedException -->
          <reporter-output>
          </reporter-output>
        </test-method> <!-- Outgoingimprest -->
        <test-method is-config="true" signature="tearDown(org.testng.ITestResult)[pri:0, instance:strongroom.Agedcare@4310d43]" started-at="2024-01-17T14:47:54 IST" name="tearDown" finished-at="2024-01-17T14:48:02 IST" duration-ms="7615" status="PASS">
          <params>
            <param index="0">
              <value>
                <![CDATA[[TestResult name=Outgoingimprest status=FAILURE method=Agedcare.Outgoingimprest()[pri:7, instance:strongroom.Agedcare@4310d43] output={null}]]]>
              </value>
            </param>
          </params>
          <reporter-output>
          </reporter-output>
        </test-method> <!-- tearDown -->
        <test-method signature="Outgoingimprest()[pri:7, instance:strongroom.Agedcare@4310d43]" started-at="2024-01-17T14:48:02 IST" name="Outgoingimprest" finished-at="2024-01-17T14:48:03 IST" duration-ms="1086" status="FAIL">
          <exception class="org.openqa.selenium.ElementClickInterceptedException">
            <message>
              <![CDATA[element click intercepted: Element <button class="actions-menu-item">...</button> is not clickable at point (112, 384). Other element would receive the click: <div class="modal-wrapper">...</div>
  (Session info: chrome=120.0.6099.216)
Build info: version: '4.16.1', revision: '9b4c83354e'
System info: os.name: 'Linux', os.arch: 'amd64', os.version: '5.15.0-91-generic', java.version: '17.0.7'
Driver info: org.openqa.selenium.chrome.ChromeDriver
Command: [1d5d6794b86755f106571fe178b7bfe0, clickElement {id=77B8F958E297B5C22670461E281CE7F3_element_681}]
Capabilities {acceptInsecureCerts: false, browserName: chrome, browserVersion: 120.0.6099.216, chrome: {chromedriverVersion: 120.0.6099.109 (3419140ab66..., userDataDir: /tmp/.org.chromium.Chromium...}, fedcm:accounts: true, goog:chromeOptions: {debuggerAddress: localhost:43407}, networkConnectionEnabled: false, pageLoadStrategy: normal, platformName: linux, proxy: Proxy(), se:cdp: ws://localhost:43407/devtoo..., se:cdpVersion: 120.0.6099.216, setWindowRect: true, strictFileInteractability: false, timeouts: {implicit: 0, pageLoad: 300000, script: 30000}, unhandledPromptBehavior: dismiss and notify, webauthn:extension:credBlob: true, webauthn:extension:largeBlob: true, webauthn:extension:minPinLength: true, webauthn:extension:prf: true, webauthn:virtualAuthenticators: true}
Element: [[ChromeDriver: chrome on linux (1d5d6794b86755f106571fe178b7bfe0)] -> xpath: //button[normalize-space()='Outgoing']]
Session ID: 1d5d6794b86755f106571fe178b7bfe0]]>
            </message>
            <full-stacktrace>
              <![CDATA[org.openqa.selenium.ElementClickInterceptedException: element click intercepted: Element <button class="actions-menu-item">...</button> is not clickable at point (112, 384). Other element would receive the click: <div class="modal-wrapper">...</div>
  (Session info: chrome=120.0.6099.216)
Build info: version: '4.16.1', revision: '9b4c83354e'
System info: os.name: 'Linux', os.arch: 'amd64', os.version: '5.15.0-91-generic', java.version: '17.0.7'
Driver info: org.openqa.selenium.chrome.ChromeDriver
Command: [1d5d6794b86755f106571fe178b7bfe0, clickElement {id=77B8F958E297B5C22670461E281CE7F3_element_681}]
Capabilities {acceptInsecureCerts: false, browserName: chrome, browserVersion: 120.0.6099.216, chrome: {chromedriverVersion: 120.0.6099.109 (3419140ab66..., userDataDir: /tmp/.org.chromium.Chromium...}, fedcm:accounts: true, goog:chromeOptions: {debuggerAddress: localhost:43407}, networkConnectionEnabled: false, pageLoadStrategy: normal, platformName: linux, proxy: Proxy(), se:cdp: ws://localhost:43407/devtoo..., se:cdpVersion: 120.0.6099.216, setWindowRect: true, strictFileInteractability: false, timeouts: {implicit: 0, pageLoad: 300000, script: 30000}, unhandledPromptBehavior: dismiss and notify, webauthn:extension:credBlob: true, webauthn:extension:largeBlob: true, webauthn:extension:minPinLength: true, webauthn:extension:prf: true, webauthn:virtualAuthenticators: true}
Element: [[ChromeDriver: chrome on linux (1d5d6794b86755f106571fe178b7bfe0)] -> xpath: //button[normalize-space()='Outgoing']]
Session ID: 1d5d6794b86755f106571fe178b7bfe0
at java.base/jdk.internal.reflect.NativeConstructorAccessorImpl.newInstance0(Native Method)
at java.base/jdk.internal.reflect.NativeConstructorAccessorImpl.newInstance(NativeConstructorAccessorImpl.java:77)
at java.base/jdk.internal.reflect.DelegatingConstructorAccessorImpl.newInstance(DelegatingConstructorAccessorImpl.java:45)
at java.base/java.lang.reflect.Constructor.newInstanceWithCaller(Constructor.java:499)
at java.base/java.lang.reflect.Constructor.newInstance(Constructor.java:480)
at org.openqa.selenium.remote.codec.w3c.W3CHttpResponseCodec.createException(W3CHttpResponseCodec.java:200)
at org.openqa.selenium.remote.codec.w3c.W3CHttpResponseCodec.decode(W3CHttpResponseCodec.java:133)
at org.openqa.selenium.remote.codec.w3c.W3CHttpResponseCodec.decode(W3CHttpResponseCodec.java:52)
at org.openqa.selenium.remote.HttpCommandExecutor.execute(HttpCommandExecutor.java:191)
at org.openqa.selenium.remote.service.DriverCommandExecutor.invokeExecute(DriverCommandExecutor.java:200)
at org.openqa.selenium.remote.service.DriverCommandExecutor.execute(DriverCommandExecutor.java:175)
at org.openqa.selenium.remote.RemoteWebDriver.execute(RemoteWebDriver.java:523)
at org.openqa.selenium.remote.RemoteWebElement.execute(RemoteWebElement.java:224)
at org.openqa.selenium.remote.RemoteWebElement.click(RemoteWebElement.java:77)
at objects.OutgoingimprestPage.Outgoing(OutgoingimprestPage.java:44)
at strongroom.Agedcare.Outgoingimprest(Agedcare.java:120)
at java.base/jdk.internal.reflect.NativeMethodAccessorImpl.invoke0(Native Method)
at java.base/jdk.internal.reflect.NativeMethodAccessorImpl.invoke(NativeMethodAccessorImpl.java:77)
at java.base/jdk.internal.reflect.DelegatingMethodAccessorImpl.invoke(DelegatingMethodAccessorImpl.java:43)
at java.base/java.lang.reflect.Method.invoke(Method.java:568)
at org.testng.internal.MethodInvocationHelper.invokeMethod(MethodInvocationHelper.java:133)
at org.testng.internal.TestInvoker.invokeMethod(TestInvoker.java:598)
at org.testng.internal.TestInvoker.invokeTestMethod(TestInvoker.java:173)
at org.testng.internal.MethodRunner.runInSequence(MethodRunner.java:46)
at org.testng.internal.TestInvoker$MethodInvocationAgent.invoke(TestInvoker.java:824)
at org.testng.internal.TestInvoker.invokeTestMethods(TestInvoker.java:146)
at org.testng.internal.TestMethodWorker.invokeTestMethods(TestMethodWorker.java:146)
at org.testng.internal.TestMethodWorker.run(TestMethodWorker.java:128)
at java.base/java.util.ArrayList.forEach(ArrayList.java:1511)
at org.testng.TestRunner.privateRun(TestRunner.java:794)
at org.testng.TestRunner.run(TestRunner.java:596)
at org.testng.SuiteRunner.runTest(SuiteRunner.java:377)
at org.testng.SuiteRunner.runSequentially(SuiteRunner.java:371)
at org.testng.SuiteRunner.privateRun(SuiteRunner.java:332)
at org.testng.SuiteRunner.run(SuiteRunner.java:276)
at org.testng.SuiteRunnerWorker.runSuite(SuiteRunnerWorker.java:53)
at org.testng.SuiteRunnerWorker.run(SuiteRunnerWorker.java:96)
at org.testng.TestNG.runSuitesSequentially(TestNG.java:1212)
at org.testng.TestNG.runSuitesLocally(TestNG.java:1134)
at org.testng.TestNG.runSuites(TestNG.java:1063)
at org.testng.TestNG.run(TestNG.java:1031)
at org.testng.remote.AbstractRemoteTestNG.run(AbstractRemoteTestNG.java:115)
at org.testng.remote.RemoteTestNG.initAndRun(RemoteTestNG.java:251)
at org.testng.remote.RemoteTestNG.main(RemoteTestNG.java:77)
]]>
            </full-stacktrace>
          </exception> <!-- org.openqa.selenium.ElementClickInterceptedException -->
          <reporter-output>
          </reporter-output>
        </test-method> <!-- Outgoingimprest -->
        <test-method is-config="true" signature="tearDown(org.testng.ITestResult)[pri:0, instance:strongroom.Agedcare@4310d43]" started-at="2024-01-17T14:48:03 IST" name="tearDown" finished-at="2024-01-17T14:48:13 IST" duration-ms="9904" status="PASS">
          <params>
            <param index="0">
              <value>
                <![CDATA[[TestResult name=Outgoingimprest status=FAILURE method=Agedcare.Outgoingimprest()[pri:7, instance:strongroom.Agedcare@4310d43] output={null}]]]>
              </value>
            </param>
          </params>
          <reporter-output>
          </reporter-output>
        </test-method> <!-- tearDown -->
        <test-method signature="Outgoingimprest()[pri:7, instance:strongroom.Agedcare@4310d43]" started-at="2024-01-17T14:48:13 IST" name="Outgoingimprest" finished-at="2024-01-17T14:48:14 IST" duration-ms="1142" status="FAIL">
          <exception class="org.openqa.selenium.ElementClickInterceptedException">
            <message>
              <![CDATA[element click intercepted: Element <button class="actions-menu-item">...</button> is not clickable at point (112, 384). Other element would receive the click: <div class="modal-wrapper">...</div>
  (Session info: chrome=120.0.6099.216)
Build info: version: '4.16.1', revision: '9b4c83354e'
System info: os.name: 'Linux', os.arch: 'amd64', os.version: '5.15.0-91-generic', java.version: '17.0.7'
Driver info: org.openqa.selenium.chrome.ChromeDriver
Command: [1d5d6794b86755f106571fe178b7bfe0, clickElement {id=77B8F958E297B5C22670461E281CE7F3_element_681}]
Capabilities {acceptInsecureCerts: false, browserName: chrome, browserVersion: 120.0.6099.216, chrome: {chromedriverVersion: 120.0.6099.109 (3419140ab66..., userDataDir: /tmp/.org.chromium.Chromium...}, fedcm:accounts: true, goog:chromeOptions: {debuggerAddress: localhost:43407}, networkConnectionEnabled: false, pageLoadStrategy: normal, platformName: linux, proxy: Proxy(), se:cdp: ws://localhost:43407/devtoo..., se:cdpVersion: 120.0.6099.216, setWindowRect: true, strictFileInteractability: false, timeouts: {implicit: 0, pageLoad: 300000, script: 30000}, unhandledPromptBehavior: dismiss and notify, webauthn:extension:credBlob: true, webauthn:extension:largeBlob: true, webauthn:extension:minPinLength: true, webauthn:extension:prf: true, webauthn:virtualAuthenticators: true}
Element: [[ChromeDriver: chrome on linux (1d5d6794b86755f106571fe178b7bfe0)] -> xpath: //button[normalize-space()='Outgoing']]
Session ID: 1d5d6794b86755f106571fe178b7bfe0]]>
            </message>
            <full-stacktrace>
              <![CDATA[org.openqa.selenium.ElementClickInterceptedException: element click intercepted: Element <button class="actions-menu-item">...</button> is not clickable at point (112, 384). Other element would receive the click: <div class="modal-wrapper">...</div>
  (Session info: chrome=120.0.6099.216)
Build info: version: '4.16.1', revision: '9b4c83354e'
System info: os.name: 'Linux', os.arch: 'amd64', os.version: '5.15.0-91-generic', java.version: '17.0.7'
Driver info: org.openqa.selenium.chrome.ChromeDriver
Command: [1d5d6794b86755f106571fe178b7bfe0, clickElement {id=77B8F958E297B5C22670461E281CE7F3_element_681}]
Capabilities {acceptInsecureCerts: false, browserName: chrome, browserVersion: 120.0.6099.216, chrome: {chromedriverVersion: 120.0.6099.109 (3419140ab66..., userDataDir: /tmp/.org.chromium.Chromium...}, fedcm:accounts: true, goog:chromeOptions: {debuggerAddress: localhost:43407}, networkConnectionEnabled: false, pageLoadStrategy: normal, platformName: linux, proxy: Proxy(), se:cdp: ws://localhost:43407/devtoo..., se:cdpVersion: 120.0.6099.216, setWindowRect: true, strictFileInteractability: false, timeouts: {implicit: 0, pageLoad: 300000, script: 30000}, unhandledPromptBehavior: dismiss and notify, webauthn:extension:credBlob: true, webauthn:extension:largeBlob: true, webauthn:extension:minPinLength: true, webauthn:extension:prf: true, webauthn:virtualAuthenticators: true}
Element: [[ChromeDriver: chrome on linux (1d5d6794b86755f106571fe178b7bfe0)] -> xpath: //button[normalize-space()='Outgoing']]
Session ID: 1d5d6794b86755f106571fe178b7bfe0
at java.base/jdk.internal.reflect.NativeConstructorAccessorImpl.newInstance0(Native Method)
at java.base/jdk.internal.reflect.NativeConstructorAccessorImpl.newInstance(NativeConstructorAccessorImpl.java:77)
at java.base/jdk.internal.reflect.DelegatingConstructorAccessorImpl.newInstance(DelegatingConstructorAccessorImpl.java:45)
at java.base/java.lang.reflect.Constructor.newInstanceWithCaller(Constructor.java:499)
at java.base/java.lang.reflect.Constructor.newInstance(Constructor.java:480)
at org.openqa.selenium.remote.codec.w3c.W3CHttpResponseCodec.createException(W3CHttpResponseCodec.java:200)
at org.openqa.selenium.remote.codec.w3c.W3CHttpResponseCodec.decode(W3CHttpResponseCodec.java:133)
at org.openqa.selenium.remote.codec.w3c.W3CHttpResponseCodec.decode(W3CHttpResponseCodec.java:52)
at org.openqa.selenium.remote.HttpCommandExecutor.execute(HttpCommandExecutor.java:191)
at org.openqa.selenium.remote.service.DriverCommandExecutor.invokeExecute(DriverCommandExecutor.java:200)
at org.openqa.selenium.remote.service.DriverCommandExecutor.execute(DriverCommandExecutor.java:175)
at org.openqa.selenium.remote.RemoteWebDriver.execute(RemoteWebDriver.java:523)
at org.openqa.selenium.remote.RemoteWebElement.execute(RemoteWebElement.java:224)
at org.openqa.selenium.remote.RemoteWebElement.click(RemoteWebElement.java:77)
at objects.OutgoingimprestPage.Outgoing(OutgoingimprestPage.java:44)
at strongroom.Agedcare.Outgoingimprest(Agedcare.java:120)
at java.base/jdk.internal.reflect.NativeMethodAccessorImpl.invoke0(Native Method)
at java.base/jdk.internal.reflect.NativeMethodAccessorImpl.invoke(NativeMethodAccessorImpl.java:77)
at java.base/jdk.internal.reflect.DelegatingMethodAccessorImpl.invoke(DelegatingMethodAccessorImpl.java:43)
at java.base/java.lang.reflect.Method.invoke(Method.java:568)
at org.testng.internal.MethodInvocationHelper.invokeMethod(MethodInvocationHelper.java:133)
at org.testng.internal.TestInvoker.invokeMethod(TestInvoker.java:598)
at org.testng.internal.TestInvoker.invokeTestMethod(TestInvoker.java:173)
at org.testng.internal.MethodRunner.runInSequence(MethodRunner.java:46)
at org.testng.internal.TestInvoker$MethodInvocationAgent.invoke(TestInvoker.java:824)
at org.testng.internal.TestInvoker.invokeTestMethods(TestInvoker.java:146)
at org.testng.internal.TestMethodWorker.invokeTestMethods(TestMethodWorker.java:146)
at org.testng.internal.TestMethodWorker.run(TestMethodWorker.java:128)
at java.base/java.util.ArrayList.forEach(ArrayList.java:1511)
at org.testng.TestRunner.privateRun(TestRunner.java:794)
at org.testng.TestRunner.run(TestRunner.java:596)
at org.testng.SuiteRunner.runTest(SuiteRunner.java:377)
at org.testng.SuiteRunner.runSequentially(SuiteRunner.java:371)
at org.testng.SuiteRunner.privateRun(SuiteRunner.java:332)
at org.testng.SuiteRunner.run(SuiteRunner.java:276)
at org.testng.SuiteRunnerWorker.runSuite(SuiteRunnerWorker.java:53)
at org.testng.SuiteRunnerWorker.run(SuiteRunnerWorker.java:96)
at org.testng.TestNG.runSuitesSequentially(TestNG.java:1212)
at org.testng.TestNG.runSuitesLocally(TestNG.java:1134)
at org.testng.TestNG.runSuites(TestNG.java:1063)
at org.testng.TestNG.run(TestNG.java:1031)
at org.testng.remote.AbstractRemoteTestNG.run(AbstractRemoteTestNG.java:115)
at org.testng.remote.RemoteTestNG.initAndRun(RemoteTestNG.java:251)
at org.testng.remote.RemoteTestNG.main(RemoteTestNG.java:77)
]]>
            </full-stacktrace>
          </exception> <!-- org.openqa.selenium.ElementClickInterceptedException -->
          <reporter-output>
          </reporter-output>
        </test-method> <!-- Outgoingimprest -->
        <test-method is-config="true" signature="tearDown(org.testng.ITestResult)[pri:0, instance:strongroom.Agedcare@4310d43]" started-at="2024-01-17T14:48:14 IST" name="tearDown" finished-at="2024-01-17T14:48:22 IST" duration-ms="7687" status="PASS">
          <params>
            <param index="0">
              <value>
                <![CDATA[[TestResult name=Outgoingimprest status=FAILURE method=Agedcare.Outgoingimprest()[pri:7, instance:strongroom.Agedcare@4310d43] output={null}]]]>
              </value>
            </param>
          </params>
          <reporter-output>
          </reporter-output>
        </test-method> <!-- tearDown -->
        <test-method signature="Outgoingimprest()[pri:7, instance:strongroom.Agedcare@4310d43]" started-at="2024-01-17T14:48:22 IST" name="Outgoingimprest" finished-at="2024-01-17T14:48:23 IST" duration-ms="1080" status="FAIL">
          <exception class="org.openqa.selenium.ElementClickInterceptedException">
            <message>
              <![CDATA[element click intercepted: Element <button class="actions-menu-item">...</button> is not clickable at point (112, 384). Other element would receive the click: <div class="modal-wrapper">...</div>
  (Session info: chrome=120.0.6099.216)
Build info: version: '4.16.1', revision: '9b4c83354e'
System info: os.name: 'Linux', os.arch: 'amd64', os.version: '5.15.0-91-generic', java.version: '17.0.7'
Driver info: org.openqa.selenium.chrome.ChromeDriver
Command: [1d5d6794b86755f106571fe178b7bfe0, clickElement {id=77B8F958E297B5C22670461E281CE7F3_element_681}]
Capabilities {acceptInsecureCerts: false, browserName: chrome, browserVersion: 120.0.6099.216, chrome: {chromedriverVersion: 120.0.6099.109 (3419140ab66..., userDataDir: /tmp/.org.chromium.Chromium...}, fedcm:accounts: true, goog:chromeOptions: {debuggerAddress: localhost:43407}, networkConnectionEnabled: false, pageLoadStrategy: normal, platformName: linux, proxy: Proxy(), se:cdp: ws://localhost:43407/devtoo..., se:cdpVersion: 120.0.6099.216, setWindowRect: true, strictFileInteractability: false, timeouts: {implicit: 0, pageLoad: 300000, script: 30000}, unhandledPromptBehavior: dismiss and notify, webauthn:extension:credBlob: true, webauthn:extension:largeBlob: true, webauthn:extension:minPinLength: true, webauthn:extension:prf: true, webauthn:virtualAuthenticators: true}
Element: [[ChromeDriver: chrome on linux (1d5d6794b86755f106571fe178b7bfe0)] -> xpath: //button[normalize-space()='Outgoing']]
Session ID: 1d5d6794b86755f106571fe178b7bfe0]]>
            </message>
            <full-stacktrace>
              <![CDATA[org.openqa.selenium.ElementClickInterceptedException: element click intercepted: Element <button class="actions-menu-item">...</button> is not clickable at point (112, 384). Other element would receive the click: <div class="modal-wrapper">...</div>
  (Session info: chrome=120.0.6099.216)
Build info: version: '4.16.1', revision: '9b4c83354e'
System info: os.name: 'Linux', os.arch: 'amd64', os.version: '5.15.0-91-generic', java.version: '17.0.7'
Driver info: org.openqa.selenium.chrome.ChromeDriver
Command: [1d5d6794b86755f106571fe178b7bfe0, clickElement {id=77B8F958E297B5C22670461E281CE7F3_element_681}]
Capabilities {acceptInsecureCerts: false, browserName: chrome, browserVersion: 120.0.6099.216, chrome: {chromedriverVersion: 120.0.6099.109 (3419140ab66..., userDataDir: /tmp/.org.chromium.Chromium...}, fedcm:accounts: true, goog:chromeOptions: {debuggerAddress: localhost:43407}, networkConnectionEnabled: false, pageLoadStrategy: normal, platformName: linux, proxy: Proxy(), se:cdp: ws://localhost:43407/devtoo..., se:cdpVersion: 120.0.6099.216, setWindowRect: true, strictFileInteractability: false, timeouts: {implicit: 0, pageLoad: 300000, script: 30000}, unhandledPromptBehavior: dismiss and notify, webauthn:extension:credBlob: true, webauthn:extension:largeBlob: true, webauthn:extension:minPinLength: true, webauthn:extension:prf: true, webauthn:virtualAuthenticators: true}
Element: [[ChromeDriver: chrome on linux (1d5d6794b86755f106571fe178b7bfe0)] -> xpath: //button[normalize-space()='Outgoing']]
Session ID: 1d5d6794b86755f106571fe178b7bfe0
at java.base/jdk.internal.reflect.NativeConstructorAccessorImpl.newInstance0(Native Method)
at java.base/jdk.internal.reflect.NativeConstructorAccessorImpl.newInstance(NativeConstructorAccessorImpl.java:77)
at java.base/jdk.internal.reflect.DelegatingConstructorAccessorImpl.newInstance(DelegatingConstructorAccessorImpl.java:45)
at java.base/java.lang.reflect.Constructor.newInstanceWithCaller(Constructor.java:499)
at java.base/java.lang.reflect.Constructor.newInstance(Constructor.java:480)
at org.openqa.selenium.remote.codec.w3c.W3CHttpResponseCodec.createException(W3CHttpResponseCodec.java:200)
at org.openqa.selenium.remote.codec.w3c.W3CHttpResponseCodec.decode(W3CHttpResponseCodec.java:133)
at org.openqa.selenium.remote.codec.w3c.W3CHttpResponseCodec.decode(W3CHttpResponseCodec.java:52)
at org.openqa.selenium.remote.HttpCommandExecutor.execute(HttpCommandExecutor.java:191)
at org.openqa.selenium.remote.service.DriverCommandExecutor.invokeExecute(DriverCommandExecutor.java:200)
at org.openqa.selenium.remote.service.DriverCommandExecutor.execute(DriverCommandExecutor.java:175)
at org.openqa.selenium.remote.RemoteWebDriver.execute(RemoteWebDriver.java:523)
at org.openqa.selenium.remote.RemoteWebElement.execute(RemoteWebElement.java:224)
at org.openqa.selenium.remote.RemoteWebElement.click(RemoteWebElement.java:77)
at objects.OutgoingimprestPage.Outgoing(OutgoingimprestPage.java:44)
at strongroom.Agedcare.Outgoingimprest(Agedcare.java:120)
at java.base/jdk.internal.reflect.NativeMethodAccessorImpl.invoke0(Native Method)
at java.base/jdk.internal.reflect.NativeMethodAccessorImpl.invoke(NativeMethodAccessorImpl.java:77)
at java.base/jdk.internal.reflect.DelegatingMethodAccessorImpl.invoke(DelegatingMethodAccessorImpl.java:43)
at java.base/java.lang.reflect.Method.invoke(Method.java:568)
at org.testng.internal.MethodInvocationHelper.invokeMethod(MethodInvocationHelper.java:133)
at org.testng.internal.TestInvoker.invokeMethod(TestInvoker.java:598)
at org.testng.internal.TestInvoker.invokeTestMethod(TestInvoker.java:173)
at org.testng.internal.MethodRunner.runInSequence(MethodRunner.java:46)
at org.testng.internal.TestInvoker$MethodInvocationAgent.invoke(TestInvoker.java:824)
at org.testng.internal.TestInvoker.invokeTestMethods(TestInvoker.java:146)
at org.testng.internal.TestMethodWorker.invokeTestMethods(TestMethodWorker.java:146)
at org.testng.internal.TestMethodWorker.run(TestMethodWorker.java:128)
at java.base/java.util.ArrayList.forEach(ArrayList.java:1511)
at org.testng.TestRunner.privateRun(TestRunner.java:794)
at org.testng.TestRunner.run(TestRunner.java:596)
at org.testng.SuiteRunner.runTest(SuiteRunner.java:377)
at org.testng.SuiteRunner.runSequentially(SuiteRunner.java:371)
at org.testng.SuiteRunner.privateRun(SuiteRunner.java:332)
at org.testng.SuiteRunner.run(SuiteRunner.java:276)
at org.testng.SuiteRunnerWorker.runSuite(SuiteRunnerWorker.java:53)
at org.testng.SuiteRunnerWorker.run(SuiteRunnerWorker.java:96)
at org.testng.TestNG.runSuitesSequentially(TestNG.java:1212)
at org.testng.TestNG.runSuitesLocally(TestNG.java:1134)
at org.testng.TestNG.runSuites(TestNG.java:1063)
at org.testng.TestNG.run(TestNG.java:1031)
at org.testng.remote.AbstractRemoteTestNG.run(AbstractRemoteTestNG.java:115)
at org.testng.remote.RemoteTestNG.initAndRun(RemoteTestNG.java:251)
at org.testng.remote.RemoteTestNG.main(RemoteTestNG.java:77)
]]>
            </full-stacktrace>
          </exception> <!-- org.openqa.selenium.ElementClickInterceptedException -->
          <reporter-output>
          </reporter-output>
        </test-method> <!-- Outgoingimprest -->
        <test-method is-config="true" signature="tearDown(org.testng.ITestResult)[pri:0, instance:strongroom.Agedcare@4310d43]" started-at="2024-01-17T14:48:23 IST" name="tearDown" finished-at="2024-01-17T14:48:30 IST" duration-ms="7110" status="PASS">
          <params>
            <param index="0">
              <value>
                <![CDATA[[TestResult name=Outgoingimprest status=FAILURE method=Agedcare.Outgoingimprest()[pri:7, instance:strongroom.Agedcare@4310d43] output={null}]]]>
              </value>
            </param>
          </params>
          <reporter-output>
          </reporter-output>
        </test-method> <!-- tearDown -->
        <test-method signature="OutgoingPatient()[pri:8, instance:strongroom.Agedcare@4310d43]" started-at="2024-01-17T14:48:30 IST" name="OutgoingPatient" finished-at="2024-01-17T14:48:31 IST" duration-ms="1210" status="FAIL">
          <exception class="org.openqa.selenium.ElementClickInterceptedException">
            <message>
              <![CDATA[element click intercepted: Element <button class="actions-menu-item">...</button> is not clickable at point (112, 384). Other element would receive the click: <div class="modal-wrapper">...</div>
  (Session info: chrome=120.0.6099.216)
Build info: version: '4.16.1', revision: '9b4c83354e'
System info: os.name: 'Linux', os.arch: 'amd64', os.version: '5.15.0-91-generic', java.version: '17.0.7'
Driver info: org.openqa.selenium.chrome.ChromeDriver
Command: [1d5d6794b86755f106571fe178b7bfe0, clickElement {id=77B8F958E297B5C22670461E281CE7F3_element_681}]
Capabilities {acceptInsecureCerts: false, browserName: chrome, browserVersion: 120.0.6099.216, chrome: {chromedriverVersion: 120.0.6099.109 (3419140ab66..., userDataDir: /tmp/.org.chromium.Chromium...}, fedcm:accounts: true, goog:chromeOptions: {debuggerAddress: localhost:43407}, networkConnectionEnabled: false, pageLoadStrategy: normal, platformName: linux, proxy: Proxy(), se:cdp: ws://localhost:43407/devtoo..., se:cdpVersion: 120.0.6099.216, setWindowRect: true, strictFileInteractability: false, timeouts: {implicit: 0, pageLoad: 300000, script: 30000}, unhandledPromptBehavior: dismiss and notify, webauthn:extension:credBlob: true, webauthn:extension:largeBlob: true, webauthn:extension:minPinLength: true, webauthn:extension:prf: true, webauthn:virtualAuthenticators: true}
Element: [[ChromeDriver: chrome on linux (1d5d6794b86755f106571fe178b7bfe0)] -> xpath: //button[normalize-space()='Outgoing']]
Session ID: 1d5d6794b86755f106571fe178b7bfe0]]>
            </message>
            <full-stacktrace>
              <![CDATA[org.openqa.selenium.ElementClickInterceptedException: element click intercepted: Element <button class="actions-menu-item">...</button> is not clickable at point (112, 384). Other element would receive the click: <div class="modal-wrapper">...</div>
  (Session info: chrome=120.0.6099.216)
Build info: version: '4.16.1', revision: '9b4c83354e'
System info: os.name: 'Linux', os.arch: 'amd64', os.version: '5.15.0-91-generic', java.version: '17.0.7'
Driver info: org.openqa.selenium.chrome.ChromeDriver
Command: [1d5d6794b86755f106571fe178b7bfe0, clickElement {id=77B8F958E297B5C22670461E281CE7F3_element_681}]
Capabilities {acceptInsecureCerts: false, browserName: chrome, browserVersion: 120.0.6099.216, chrome: {chromedriverVersion: 120.0.6099.109 (3419140ab66..., userDataDir: /tmp/.org.chromium.Chromium...}, fedcm:accounts: true, goog:chromeOptions: {debuggerAddress: localhost:43407}, networkConnectionEnabled: false, pageLoadStrategy: normal, platformName: linux, proxy: Proxy(), se:cdp: ws://localhost:43407/devtoo..., se:cdpVersion: 120.0.6099.216, setWindowRect: true, strictFileInteractability: false, timeouts: {implicit: 0, pageLoad: 300000, script: 30000}, unhandledPromptBehavior: dismiss and notify, webauthn:extension:credBlob: true, webauthn:extension:largeBlob: true, webauthn:extension:minPinLength: true, webauthn:extension:prf: true, webauthn:virtualAuthenticators: true}
Element: [[ChromeDriver: chrome on linux (1d5d6794b86755f106571fe178b7bfe0)] -> xpath: //button[normalize-space()='Outgoing']]
Session ID: 1d5d6794b86755f106571fe178b7bfe0
at java.base/jdk.internal.reflect.NativeConstructorAccessorImpl.newInstance0(Native Method)
at java.base/jdk.internal.reflect.NativeConstructorAccessorImpl.newInstance(NativeConstructorAccessorImpl.java:77)
at java.base/jdk.internal.reflect.DelegatingConstructorAccessorImpl.newInstance(DelegatingConstructorAccessorImpl.java:45)
at java.base/java.lang.reflect.Constructor.newInstanceWithCaller(Constructor.java:499)
at java.base/java.lang.reflect.Constructor.newInstance(Constructor.java:480)
at org.openqa.selenium.remote.codec.w3c.W3CHttpResponseCodec.createException(W3CHttpResponseCodec.java:200)
at org.openqa.selenium.remote.codec.w3c.W3CHttpResponseCodec.decode(W3CHttpResponseCodec.java:133)
at org.openqa.selenium.remote.codec.w3c.W3CHttpResponseCodec.decode(W3CHttpResponseCodec.java:52)
at org.openqa.selenium.remote.HttpCommandExecutor.execute(HttpCommandExecutor.java:191)
at org.openqa.selenium.remote.service.DriverCommandExecutor.invokeExecute(DriverCommandExecutor.java:200)
at org.openqa.selenium.remote.service.DriverCommandExecutor.execute(DriverCommandExecutor.java:175)
at org.openqa.selenium.remote.RemoteWebDriver.execute(RemoteWebDriver.java:523)
at org.openqa.selenium.remote.RemoteWebElement.execute(RemoteWebElement.java:224)
at org.openqa.selenium.remote.RemoteWebElement.click(RemoteWebElement.java:77)
at objects.OutgoingPatientPage.Outgoing(OutgoingPatientPage.java:49)
at strongroom.Agedcare.OutgoingPatient(Agedcare.java:108)
at java.base/jdk.internal.reflect.NativeMethodAccessorImpl.invoke0(Native Method)
at java.base/jdk.internal.reflect.NativeMethodAccessorImpl.invoke(NativeMethodAccessorImpl.java:77)
at java.base/jdk.internal.reflect.DelegatingMethodAccessorImpl.invoke(DelegatingMethodAccessorImpl.java:43)
at java.base/java.lang.reflect.Method.invoke(Method.java:568)
at org.testng.internal.MethodInvocationHelper.invokeMethod(MethodInvocationHelper.java:133)
at org.testng.internal.TestInvoker.invokeMethod(TestInvoker.java:598)
at org.testng.internal.TestInvoker.invokeTestMethod(TestInvoker.java:173)
at org.testng.internal.MethodRunner.runInSequence(MethodRunner.java:46)
at org.testng.internal.TestInvoker$MethodInvocationAgent.invoke(TestInvoker.java:824)
at org.testng.internal.TestInvoker.invokeTestMethods(TestInvoker.java:146)
at org.testng.internal.TestMethodWorker.invokeTestMethods(TestMethodWorker.java:146)
at org.testng.internal.TestMethodWorker.run(TestMethodWorker.java:128)
at java.base/java.util.ArrayList.forEach(ArrayList.java:1511)
at org.testng.TestRunner.privateRun(TestRunner.java:794)
at org.testng.TestRunner.run(TestRunner.java:596)
at org.testng.SuiteRunner.runTest(SuiteRunner.java:377)
at org.testng.SuiteRunner.runSequentially(SuiteRunner.java:371)
at org.testng.SuiteRunner.privateRun(SuiteRunner.java:332)
at org.testng.SuiteRunner.run(SuiteRunner.java:276)
at org.testng.SuiteRunnerWorker.runSuite(SuiteRunnerWorker.java:53)
at org.testng.SuiteRunnerWorker.run(SuiteRunnerWorker.java:96)
at org.testng.TestNG.runSuitesSequentially(TestNG.java:1212)
at org.testng.TestNG.runSuitesLocally(TestNG.java:1134)
at org.testng.TestNG.runSuites(TestNG.java:1063)
at org.testng.TestNG.run(TestNG.java:1031)
at org.testng.remote.AbstractRemoteTestNG.run(AbstractRemoteTestNG.java:115)
at org.testng.remote.RemoteTestNG.initAndRun(RemoteTestNG.java:251)
at org.testng.remote.RemoteTestNG.main(RemoteTestNG.java:77)
]]>
            </full-stacktrace>
          </exception> <!-- org.openqa.selenium.ElementClickInterceptedException -->
          <reporter-output>
          </reporter-output>
        </test-method> <!-- OutgoingPatient -->
        <test-method is-config="true" signature="tearDown(org.testng.ITestResult)[pri:0, instance:strongroom.Agedcare@4310d43]" started-at="2024-01-17T14:48:31 IST" name="tearDown" finished-at="2024-01-17T14:48:40 IST" duration-ms="9080" status="PASS">
          <params>
            <param index="0">
              <value>
                <![CDATA[[TestResult name=OutgoingPatient status=FAILURE method=Agedcare.OutgoingPatient()[pri:8, instance:strongroom.Agedcare@4310d43] output={null}]]]>
              </value>
            </param>
          </params>
          <reporter-output>
          </reporter-output>
        </test-method> <!-- tearDown -->
        <test-method signature="OutgoingPatient()[pri:8, instance:strongroom.Agedcare@4310d43]" started-at="2024-01-17T14:48:40 IST" name="OutgoingPatient" finished-at="2024-01-17T14:48:41 IST" duration-ms="1138" status="FAIL">
          <exception class="org.openqa.selenium.ElementClickInterceptedException">
            <message>
              <![CDATA[element click intercepted: Element <button class="actions-menu-item">...</button> is not clickable at point (112, 384). Other element would receive the click: <div class="modal-wrapper">...</div>
  (Session info: chrome=120.0.6099.216)
Build info: version: '4.16.1', revision: '9b4c83354e'
System info: os.name: 'Linux', os.arch: 'amd64', os.version: '5.15.0-91-generic', java.version: '17.0.7'
Driver info: org.openqa.selenium.chrome.ChromeDriver
Command: [1d5d6794b86755f106571fe178b7bfe0, clickElement {id=77B8F958E297B5C22670461E281CE7F3_element_681}]
Capabilities {acceptInsecureCerts: false, browserName: chrome, browserVersion: 120.0.6099.216, chrome: {chromedriverVersion: 120.0.6099.109 (3419140ab66..., userDataDir: /tmp/.org.chromium.Chromium...}, fedcm:accounts: true, goog:chromeOptions: {debuggerAddress: localhost:43407}, networkConnectionEnabled: false, pageLoadStrategy: normal, platformName: linux, proxy: Proxy(), se:cdp: ws://localhost:43407/devtoo..., se:cdpVersion: 120.0.6099.216, setWindowRect: true, strictFileInteractability: false, timeouts: {implicit: 0, pageLoad: 300000, script: 30000}, unhandledPromptBehavior: dismiss and notify, webauthn:extension:credBlob: true, webauthn:extension:largeBlob: true, webauthn:extension:minPinLength: true, webauthn:extension:prf: true, webauthn:virtualAuthenticators: true}
Element: [[ChromeDriver: chrome on linux (1d5d6794b86755f106571fe178b7bfe0)] -> xpath: //button[normalize-space()='Outgoing']]
Session ID: 1d5d6794b86755f106571fe178b7bfe0]]>
            </message>
            <full-stacktrace>
              <![CDATA[org.openqa.selenium.ElementClickInterceptedException: element click intercepted: Element <button class="actions-menu-item">...</button> is not clickable at point (112, 384). Other element would receive the click: <div class="modal-wrapper">...</div>
  (Session info: chrome=120.0.6099.216)
Build info: version: '4.16.1', revision: '9b4c83354e'
System info: os.name: 'Linux', os.arch: 'amd64', os.version: '5.15.0-91-generic', java.version: '17.0.7'
Driver info: org.openqa.selenium.chrome.ChromeDriver
Command: [1d5d6794b86755f106571fe178b7bfe0, clickElement {id=77B8F958E297B5C22670461E281CE7F3_element_681}]
Capabilities {acceptInsecureCerts: false, browserName: chrome, browserVersion: 120.0.6099.216, chrome: {chromedriverVersion: 120.0.6099.109 (3419140ab66..., userDataDir: /tmp/.org.chromium.Chromium...}, fedcm:accounts: true, goog:chromeOptions: {debuggerAddress: localhost:43407}, networkConnectionEnabled: false, pageLoadStrategy: normal, platformName: linux, proxy: Proxy(), se:cdp: ws://localhost:43407/devtoo..., se:cdpVersion: 120.0.6099.216, setWindowRect: true, strictFileInteractability: false, timeouts: {implicit: 0, pageLoad: 300000, script: 30000}, unhandledPromptBehavior: dismiss and notify, webauthn:extension:credBlob: true, webauthn:extension:largeBlob: true, webauthn:extension:minPinLength: true, webauthn:extension:prf: true, webauthn:virtualAuthenticators: true}
Element: [[ChromeDriver: chrome on linux (1d5d6794b86755f106571fe178b7bfe0)] -> xpath: //button[normalize-space()='Outgoing']]
Session ID: 1d5d6794b86755f106571fe178b7bfe0
at java.base/jdk.internal.reflect.NativeConstructorAccessorImpl.newInstance0(Native Method)
at java.base/jdk.internal.reflect.NativeConstructorAccessorImpl.newInstance(NativeConstructorAccessorImpl.java:77)
at java.base/jdk.internal.reflect.DelegatingConstructorAccessorImpl.newInstance(DelegatingConstructorAccessorImpl.java:45)
at java.base/java.lang.reflect.Constructor.newInstanceWithCaller(Constructor.java:499)
at java.base/java.lang.reflect.Constructor.newInstance(Constructor.java:480)
at org.openqa.selenium.remote.codec.w3c.W3CHttpResponseCodec.createException(W3CHttpResponseCodec.java:200)
at org.openqa.selenium.remote.codec.w3c.W3CHttpResponseCodec.decode(W3CHttpResponseCodec.java:133)
at org.openqa.selenium.remote.codec.w3c.W3CHttpResponseCodec.decode(W3CHttpResponseCodec.java:52)
at org.openqa.selenium.remote.HttpCommandExecutor.execute(HttpCommandExecutor.java:191)
at org.openqa.selenium.remote.service.DriverCommandExecutor.invokeExecute(DriverCommandExecutor.java:200)
at org.openqa.selenium.remote.service.DriverCommandExecutor.execute(DriverCommandExecutor.java:175)
at org.openqa.selenium.remote.RemoteWebDriver.execute(RemoteWebDriver.java:523)
at org.openqa.selenium.remote.RemoteWebElement.execute(RemoteWebElement.java:224)
at org.openqa.selenium.remote.RemoteWebElement.click(RemoteWebElement.java:77)
at objects.OutgoingPatientPage.Outgoing(OutgoingPatientPage.java:49)
at strongroom.Agedcare.OutgoingPatient(Agedcare.java:108)
at java.base/jdk.internal.reflect.NativeMethodAccessorImpl.invoke0(Native Method)
at java.base/jdk.internal.reflect.NativeMethodAccessorImpl.invoke(NativeMethodAccessorImpl.java:77)
at java.base/jdk.internal.reflect.DelegatingMethodAccessorImpl.invoke(DelegatingMethodAccessorImpl.java:43)
at java.base/java.lang.reflect.Method.invoke(Method.java:568)
at org.testng.internal.MethodInvocationHelper.invokeMethod(MethodInvocationHelper.java:133)
at org.testng.internal.TestInvoker.invokeMethod(TestInvoker.java:598)
at org.testng.internal.TestInvoker.invokeTestMethod(TestInvoker.java:173)
at org.testng.internal.MethodRunner.runInSequence(MethodRunner.java:46)
at org.testng.internal.TestInvoker$MethodInvocationAgent.invoke(TestInvoker.java:824)
at org.testng.internal.TestInvoker.invokeTestMethods(TestInvoker.java:146)
at org.testng.internal.TestMethodWorker.invokeTestMethods(TestMethodWorker.java:146)
at org.testng.internal.TestMethodWorker.run(TestMethodWorker.java:128)
at java.base/java.util.ArrayList.forEach(ArrayList.java:1511)
at org.testng.TestRunner.privateRun(TestRunner.java:794)
at org.testng.TestRunner.run(TestRunner.java:596)
at org.testng.SuiteRunner.runTest(SuiteRunner.java:377)
at org.testng.SuiteRunner.runSequentially(SuiteRunner.java:371)
at org.testng.SuiteRunner.privateRun(SuiteRunner.java:332)
at org.testng.SuiteRunner.run(SuiteRunner.java:276)
at org.testng.SuiteRunnerWorker.runSuite(SuiteRunnerWorker.java:53)
at org.testng.SuiteRunnerWorker.run(SuiteRunnerWorker.java:96)
at org.testng.TestNG.runSuitesSequentially(TestNG.java:1212)
at org.testng.TestNG.runSuitesLocally(TestNG.java:1134)
at org.testng.TestNG.runSuites(TestNG.java:1063)
at org.testng.TestNG.run(TestNG.java:1031)
at org.testng.remote.AbstractRemoteTestNG.run(AbstractRemoteTestNG.java:115)
at org.testng.remote.RemoteTestNG.initAndRun(RemoteTestNG.java:251)
at org.testng.remote.RemoteTestNG.main(RemoteTestNG.java:77)
]]>
            </full-stacktrace>
          </exception> <!-- org.openqa.selenium.ElementClickInterceptedException -->
          <reporter-output>
          </reporter-output>
        </test-method> <!-- OutgoingPatient -->
        <test-method is-config="true" signature="tearDown(org.testng.ITestResult)[pri:0, instance:strongroom.Agedcare@4310d43]" started-at="2024-01-17T14:48:41 IST" name="tearDown" finished-at="2024-01-17T14:48:48 IST" duration-ms="6576" status="PASS">
          <params>
            <param index="0">
              <value>
                <![CDATA[[TestResult name=OutgoingPatient status=FAILURE method=Agedcare.OutgoingPatient()[pri:8, instance:strongroom.Agedcare@4310d43] output={null}]]]>
              </value>
            </param>
          </params>
          <reporter-output>
          </reporter-output>
        </test-method> <!-- tearDown -->
        <test-method signature="Adjustmentimprest()[pri:9, instance:strongroom.Agedcare@4310d43]" started-at="2024-01-17T14:48:48 IST" name="Adjustmentimprest" finished-at="2024-01-17T14:48:49 IST" duration-ms="1122" status="FAIL">
          <exception class="org.openqa.selenium.ElementClickInterceptedException">
            <message>
              <![CDATA[element click intercepted: Element <button class="actions-menu-item">...</button> is not clickable at point (112, 452). Other element would receive the click: <div class="modal-wrapper">...</div>
  (Session info: chrome=120.0.6099.216)
Build info: version: '4.16.1', revision: '9b4c83354e'
System info: os.name: 'Linux', os.arch: 'amd64', os.version: '5.15.0-91-generic', java.version: '17.0.7'
Driver info: org.openqa.selenium.chrome.ChromeDriver
Command: [1d5d6794b86755f106571fe178b7bfe0, clickElement {id=77B8F958E297B5C22670461E281CE7F3_element_682}]
Capabilities {acceptInsecureCerts: false, browserName: chrome, browserVersion: 120.0.6099.216, chrome: {chromedriverVersion: 120.0.6099.109 (3419140ab66..., userDataDir: /tmp/.org.chromium.Chromium...}, fedcm:accounts: true, goog:chromeOptions: {debuggerAddress: localhost:43407}, networkConnectionEnabled: false, pageLoadStrategy: normal, platformName: linux, proxy: Proxy(), se:cdp: ws://localhost:43407/devtoo..., se:cdpVersion: 120.0.6099.216, setWindowRect: true, strictFileInteractability: false, timeouts: {implicit: 0, pageLoad: 300000, script: 30000}, unhandledPromptBehavior: dismiss and notify, webauthn:extension:credBlob: true, webauthn:extension:largeBlob: true, webauthn:extension:minPinLength: true, webauthn:extension:prf: true, webauthn:virtualAuthenticators: true}
Element: [[ChromeDriver: chrome on linux (1d5d6794b86755f106571fe178b7bfe0)] -> xpath: //button[normalize-space()='Adjustment']]
Session ID: 1d5d6794b86755f106571fe178b7bfe0]]>
            </message>
            <full-stacktrace>
              <![CDATA[org.openqa.selenium.ElementClickInterceptedException: element click intercepted: Element <button class="actions-menu-item">...</button> is not clickable at point (112, 452). Other element would receive the click: <div class="modal-wrapper">...</div>
  (Session info: chrome=120.0.6099.216)
Build info: version: '4.16.1', revision: '9b4c83354e'
System info: os.name: 'Linux', os.arch: 'amd64', os.version: '5.15.0-91-generic', java.version: '17.0.7'
Driver info: org.openqa.selenium.chrome.ChromeDriver
Command: [1d5d6794b86755f106571fe178b7bfe0, clickElement {id=77B8F958E297B5C22670461E281CE7F3_element_682}]
Capabilities {acceptInsecureCerts: false, browserName: chrome, browserVersion: 120.0.6099.216, chrome: {chromedriverVersion: 120.0.6099.109 (3419140ab66..., userDataDir: /tmp/.org.chromium.Chromium...}, fedcm:accounts: true, goog:chromeOptions: {debuggerAddress: localhost:43407}, networkConnectionEnabled: false, pageLoadStrategy: normal, platformName: linux, proxy: Proxy(), se:cdp: ws://localhost:43407/devtoo..., se:cdpVersion: 120.0.6099.216, setWindowRect: true, strictFileInteractability: false, timeouts: {implicit: 0, pageLoad: 300000, script: 30000}, unhandledPromptBehavior: dismiss and notify, webauthn:extension:credBlob: true, webauthn:extension:largeBlob: true, webauthn:extension:minPinLength: true, webauthn:extension:prf: true, webauthn:virtualAuthenticators: true}
Element: [[ChromeDriver: chrome on linux (1d5d6794b86755f106571fe178b7bfe0)] -> xpath: //button[normalize-space()='Adjustment']]
Session ID: 1d5d6794b86755f106571fe178b7bfe0
at java.base/jdk.internal.reflect.NativeConstructorAccessorImpl.newInstance0(Native Method)
at java.base/jdk.internal.reflect.NativeConstructorAccessorImpl.newInstance(NativeConstructorAccessorImpl.java:77)
at java.base/jdk.internal.reflect.DelegatingConstructorAccessorImpl.newInstance(DelegatingConstructorAccessorImpl.java:45)
at java.base/java.lang.reflect.Constructor.newInstanceWithCaller(Constructor.java:499)
at java.base/java.lang.reflect.Constructor.newInstance(Constructor.java:480)
at org.openqa.selenium.remote.codec.w3c.W3CHttpResponseCodec.createException(W3CHttpResponseCodec.java:200)
at org.openqa.selenium.remote.codec.w3c.W3CHttpResponseCodec.decode(W3CHttpResponseCodec.java:133)
at org.openqa.selenium.remote.codec.w3c.W3CHttpResponseCodec.decode(W3CHttpResponseCodec.java:52)
at org.openqa.selenium.remote.HttpCommandExecutor.execute(HttpCommandExecutor.java:191)
at org.openqa.selenium.remote.service.DriverCommandExecutor.invokeExecute(DriverCommandExecutor.java:200)
at org.openqa.selenium.remote.service.DriverCommandExecutor.execute(DriverCommandExecutor.java:175)
at org.openqa.selenium.remote.RemoteWebDriver.execute(RemoteWebDriver.java:523)
at org.openqa.selenium.remote.RemoteWebElement.execute(RemoteWebElement.java:224)
at org.openqa.selenium.remote.RemoteWebElement.click(RemoteWebElement.java:77)
at objects.AdjustmentimprestPage.Adjustment(AdjustmentimprestPage.java:47)
at strongroom.Agedcare.Adjustmentimprest(Agedcare.java:93)
at java.base/jdk.internal.reflect.NativeMethodAccessorImpl.invoke0(Native Method)
at java.base/jdk.internal.reflect.NativeMethodAccessorImpl.invoke(NativeMethodAccessorImpl.java:77)
at java.base/jdk.internal.reflect.DelegatingMethodAccessorImpl.invoke(DelegatingMethodAccessorImpl.java:43)
at java.base/java.lang.reflect.Method.invoke(Method.java:568)
at org.testng.internal.MethodInvocationHelper.invokeMethod(MethodInvocationHelper.java:133)
at org.testng.internal.TestInvoker.invokeMethod(TestInvoker.java:598)
at org.testng.internal.TestInvoker.invokeTestMethod(TestInvoker.java:173)
at org.testng.internal.MethodRunner.runInSequence(MethodRunner.java:46)
at org.testng.internal.TestInvoker$MethodInvocationAgent.invoke(TestInvoker.java:824)
at org.testng.internal.TestInvoker.invokeTestMethods(TestInvoker.java:146)
at org.testng.internal.TestMethodWorker.invokeTestMethods(TestMethodWorker.java:146)
at org.testng.internal.TestMethodWorker.run(TestMethodWorker.java:128)
at java.base/java.util.ArrayList.forEach(ArrayList.java:1511)
at org.testng.TestRunner.privateRun(TestRunner.java:794)
at org.testng.TestRunner.run(TestRunner.java:596)
at org.testng.SuiteRunner.runTest(SuiteRunner.java:377)
at org.testng.SuiteRunner.runSequentially(SuiteRunner.java:371)
at org.testng.SuiteRunner.privateRun(SuiteRunner.java:332)
at org.testng.SuiteRunner.run(SuiteRunner.java:276)
at org.testng.SuiteRunnerWorker.runSuite(SuiteRunnerWorker.java:53)
at org.testng.SuiteRunnerWorker.run(SuiteRunnerWorker.java:96)
at org.testng.TestNG.runSuitesSequentially(TestNG.java:1212)
at org.testng.TestNG.runSuitesLocally(TestNG.java:1134)
at org.testng.TestNG.runSuites(TestNG.java:1063)
at org.testng.TestNG.run(TestNG.java:1031)
at org.testng.remote.AbstractRemoteTestNG.run(AbstractRemoteTestNG.java:115)
at org.testng.remote.RemoteTestNG.initAndRun(RemoteTestNG.java:251)
at org.testng.remote.RemoteTestNG.main(RemoteTestNG.java:77)
]]>
            </full-stacktrace>
          </exception> <!-- org.openqa.selenium.ElementClickInterceptedException -->
          <reporter-output>
          </reporter-output>
        </test-method> <!-- Adjustmentimprest -->
        <test-method is-config="true" signature="tearDown(org.testng.ITestResult)[pri:0, instance:strongroom.Agedcare@4310d43]" started-at="2024-01-17T14:48:49 IST" name="tearDown" finished-at="2024-01-17T14:48:56 IST" duration-ms="6819" status="PASS">
          <params>
            <param index="0">
              <value>
                <![CDATA[[TestResult name=Adjustmentimprest status=FAILURE method=Agedcare.Adjustmentimprest()[pri:9, instance:strongroom.Agedcare@4310d43] output={null}]]]>
              </value>
            </param>
          </params>
          <reporter-output>
          </reporter-output>
        </test-method> <!-- tearDown -->
[...]
at java.base/jdk.internal.reflect.NativeConstructorAccessorImpl.newInstance(NativeConstructorAccessorImpl.java:77)
at java.base/jdk.internal.reflect.DelegatingConstructorAccessorImpl.newInstance(DelegatingConstructorAccessorImpl.java:45)
at java.base/java.lang.reflect.Constructor.newInstanceWithCaller(Constructor.java:499)
at java.base/java.lang.reflect.Constructor.newInstance(Constructor.java:480)
at org.openqa.selenium.remote.codec.w3c.W3CHttpResponseCodec.createException(W3CHttpResponseCodec.java:200)
at org.openqa.selenium.remote.codec.w3c.W3CHttpResponseCodec.decode(W3CHttpResponseCodec.java:133)
at org.openqa.selenium.remote.codec.w3c.W3CHttpResponseCodec.decode(W3CHttpResponseCodec.java:52)
at org.openqa.selenium.remote.HttpCommandExecutor.execute(HttpCommandExecutor.java:191)
at org.openqa.selenium.remote.service.DriverCommandExecutor.invokeExecute(DriverCommandExecutor.java:200)
at org.openqa.selenium.remote.service.DriverCommandExecutor.execute(DriverCommandExecutor.java:175)
at org.openqa.selenium.remote.RemoteWebDriver.execute(RemoteWebDriver.java:523)
at org.openqa.selenium.remote.RemoteWebElement.execute(RemoteWebElement.java:224)
at org.openqa.selenium.remote.RemoteWebElement.click(RemoteWebElement.java:77)
at objects.AdjustmentimprestPage.Adjustment(AdjustmentimprestPage.java:47)
at strongroom.Agedcare.Adjustmentimprest(Agedcare.java:93)
at java.base/jdk.internal.reflect.NativeMethodAccessorImpl.invoke0(Native Method)
at java.base/jdk.internal.reflect.NativeMethodAccessorImpl.invoke(NativeMethodAccessorImpl.java:77)
at java.base/jdk.internal.reflect.DelegatingMethodAccessorImpl.invoke(DelegatingMethodAccessorImpl.java:43)
at java.base/java.lang.reflect.Method.invoke(Method.java:568)
at org.testng.internal.MethodInvocationHelper.invokeMethod(MethodInvocationHelper.java:133)
at org.testng.internal.TestInvoker.invokeMethod(TestInvoker.java:598)
at org.testng.internal.TestInvoker.invokeTestMethod(TestInvoker.java:173)
at org.testng.internal.MethodRunner.runInSequence(MethodRunner.java:46)
at org.testng.internal.TestInvoker$MethodInvocationAgent.invoke(TestInvoker.java:824)
at org.testng.internal.TestInvoker.invokeTestMethods(TestInvoker.java:146)
at org.testng.internal.TestMethodWorker.invokeTestMethods(TestMethodWorker.java:146)
at org.testng.internal.TestMethodWorker.run(TestMethodWorker.java:128)
at java.base/java.util.ArrayList.forEach(ArrayList.java:1511)
at org.testng.TestRunner.privateRun(TestRunner.java:794)
at org.testng.TestRunner.run(TestRunner.java:596)
at org.testng.SuiteRunner.runTest(SuiteRunner.java:377)
at org.testng.SuiteRunner.runSequentially(SuiteRunner.java:371)
at org.testng.SuiteRunner.privateRun(SuiteRunner.java:332)
at org.testng.SuiteRunner.run(SuiteRunner.java:276)
at org.testng.SuiteRunnerWorker.runSuite(SuiteRunnerWorker.java:53)
at org.testng.SuiteRunnerWorker.run(SuiteRunnerWorker.java:96)
at org.testng.TestNG.runSuitesSequentially(TestNG.java:1212)
at org.testng.TestNG.runSuitesLocally(TestNG.java:1134)
at org.testng.TestNG.runSuites(TestNG.java:1063)
at org.testng.TestNG.run(TestNG.java:1031)
at org.testng.remote.AbstractRemoteTestNG.run(AbstractRemoteTestNG.java:115)
at org.testng.remote.RemoteTestNG.initAndRun(RemoteTestNG.java:251)
at org.testng.remote.RemoteTestNG.main(RemoteTestNG.java:77)
]]>
            </full-stacktrace>
          </exception> <!-- org.openqa.selenium.ElementClickInterceptedException -->
          <reporter-output>
          </reporter-output>
        </test-method> <!-- Adjustmentimprest -->
        <test-method is-config="true" signature="tearDown(org.testng.ITestResult)[pri:0, instance:strongroom.Agedcare@4310d43]" started-at="2024-01-17T14:49:07 IST" name="tearDown" finished-at="2024-01-17T14:49:15 IST" duration-ms="8039" status="PASS">
          <params>
            <param index="0">
              <value>
                <![CDATA[[TestResult name=Adjustmentimprest status=FAILURE method=Agedcare.Adjustmentimprest()[pri:9, instance:strongroom.Agedcare@4310d43] output={null}]]]>
              </value>
            </param>
          </params>
          <reporter-output>
          </reporter-output>
        </test-method> <!-- tearDown -->
        <test-method signature="stocktakeOpen()[pri:10, instance:strongroom.Agedcare@4310d43]" started-at="2024-01-17T14:49:15 IST" name="stocktakeOpen" finished-at="2024-01-17T14:49:16 IST" duration-ms="1149" status="FAIL">
          <exception class="org.openqa.selenium.ElementClickInterceptedException">
            <message>
              <![CDATA[element click intercepted: Element <p>...</p> is not clickable at point (702, 57). Other element would receive the click: <div class="modal-wrapper">...</div>
  (Session info: chrome=120.0.6099.216)
Build info: version: '4.16.1', revision: '9b4c83354e'
System info: os.name: 'Linux', os.arch: 'amd64', os.version: '5.15.0-91-generic', java.version: '17.0.7'
Driver info: org.openqa.selenium.chrome.ChromeDriver
Command: [1d5d6794b86755f106571fe178b7bfe0, clickElement {id=77B8F958E297B5C22670461E281CE7F3_element_683}]
Capabilities {acceptInsecureCerts: false, browserName: chrome, browserVersion: 120.0.6099.216, chrome: {chromedriverVersion: 120.0.6099.109 (3419140ab66..., userDataDir: /tmp/.org.chromium.Chromium...}, fedcm:accounts: true, goog:chromeOptions: {debuggerAddress: localhost:43407}, networkConnectionEnabled: false, pageLoadStrategy: normal, platformName: linux, proxy: Proxy(), se:cdp: ws://localhost:43407/devtoo..., se:cdpVersion: 120.0.6099.216, setWindowRect: true, strictFileInteractability: false, timeouts: {implicit: 0, pageLoad: 300000, script: 30000}, unhandledPromptBehavior: dismiss and notify, webauthn:extension:credBlob: true, webauthn:extension:largeBlob: true, webauthn:extension:minPinLength: true, webauthn:extension:prf: true, webauthn:virtualAuthenticators: true}
Element: [[ChromeDriver: chrome on linux (1d5d6794b86755f106571fe178b7bfe0)] -> xpath: //p[normalize-space()='Stock']]
Session ID: 1d5d6794b86755f106571fe178b7bfe0]]>
            </message>
            <full-stacktrace>
              <![CDATA[org.openqa.selenium.ElementClickInterceptedException: element click intercepted: Element <p>...</p> is not clickable at point (702, 57). Other element would receive the click: <div class="modal-wrapper">...</div>
  (Session info: chrome=120.0.6099.216)
Build info: version: '4.16.1', revision: '9b4c83354e'
System info: os.name: 'Linux', os.arch: 'amd64', os.version: '5.15.0-91-generic', java.version: '17.0.7'
Driver info: org.openqa.selenium.chrome.ChromeDriver
Command: [1d5d6794b86755f106571fe178b7bfe0, clickElement {id=77B8F958E297B5C22670461E281CE7F3_element_683}]
Capabilities {acceptInsecureCerts: false, browserName: chrome, browserVersion: 120.0.6099.216, chrome: {chromedriverVersion: 120.0.6099.109 (3419140ab66..., userDataDir: /tmp/.org.chromium.Chromium...}, fedcm:accounts: true, goog:chromeOptions: {debuggerAddress: localhost:43407}, networkConnectionEnabled: false, pageLoadStrategy: normal, platformName: linux, proxy: Proxy(), se:cdp: ws://localhost:43407/devtoo..., se:cdpVersion: 120.0.6099.216, setWindowRect: true, strictFileInteractability: false, timeouts: {implicit: 0, pageLoad: 300000, script: 30000}, unhandledPromptBehavior: dismiss and notify, webauthn:extension:credBlob: true, webauthn:extension:largeBlob: true, webauthn:extension:minPinLength: true, webauthn:extension:prf: true, webauthn:virtualAuthenticators: true}
Element: [[ChromeDriver: chrome on linux (1d5d6794b86755f106571fe178b7bfe0)] -> xpath: //p[normalize-space()='Stock']]
Session ID: 1d5d6794b86755f106571fe178b7bfe0
at java.base/jdk.internal.reflect.NativeConstructorAccessorImpl.newInstance0(Native Method)
at java.base/jdk.internal.reflect.NativeConstructorAccessorImpl.newInstance(NativeConstructorAccessorImpl.java:77)
at java.base/jdk.internal.reflect.DelegatingConstructorAccessorImpl.newInstance(DelegatingConstructorAccessorImpl.java:45)
at java.base/java.lang.reflect.Constructor.newInstanceWithCaller(Constructor.java:499)
at java.base/java.lang.reflect.Constructor.newInstance(Constructor.java:480)
at org.openqa.selenium.remote.codec.w3c.W3CHttpResponseCodec.createException(W3CHttpResponseCodec.java:200)
at org.openqa.selenium.remote.codec.w3c.W3CHttpResponseCodec.decode(W3CHttpResponseCodec.java:133)
at org.openqa.selenium.remote.codec.w3c.W3CHttpResponseCodec.decode(W3CHttpResponseCodec.java:52)
at org.openqa.selenium.remote.HttpCommandExecutor.execute(HttpCommandExecutor.java:191)
at org.openqa.selenium.remote.service.DriverCommandExecutor.invokeExecute(DriverCommandExecutor.java:200)
at org.openqa.selenium.remote.service.DriverCommandExecutor.execute(DriverCommandExecutor.java:175)
at org.openqa.selenium.remote.RemoteWebDriver.execute(RemoteWebDriver.java:523)
at org.openqa.selenium.remote.RemoteWebElement.execute(RemoteWebElement.java:224)
at org.openqa.selenium.remote.RemoteWebElement.click(RemoteWebElement.java:77)
at objects.Stocktakepage.clickStock(Stocktakepage.java:32)
at strongroom.Agedcare.stocktakeOpen(Agedcare.java:194)
at java.base/jdk.internal.reflect.NativeMethodAccessorImpl.invoke0(Native Method)
at java.base/jdk.internal.reflect.NativeMethodAccessorImpl.invoke(NativeMethodAccessorImpl.java:77)
at java.base/jdk.internal.reflect.DelegatingMethodAccessorImpl.invoke(DelegatingMethodAccessorImpl.java:43)
at java.base/java.lang.reflect.Method.invoke(Method.java:568)
at org.testng.internal.MethodInvocationHelper.invokeMethod(MethodInvocationHelper.java:133)
at org.testng.internal.TestInvoker.invokeMethod(TestInvoker.java:598)
at org.testng.internal.TestInvoker.invokeTestMethod(TestInvoker.java:173)
at org.testng.internal.MethodRunner.runInSequence(MethodRunner.java:46)
at org.testng.internal.TestInvoker$MethodInvocationAgent.invoke(TestInvoker.java:824)
at org.testng.internal.TestInvoker.invokeTestMethods(TestInvoker.java:146)
at org.testng.internal.TestMethodWorker.invokeTestMethods(TestMethodWorker.java:146)
at org.testng.internal.TestMethodWorker.run(TestMethodWorker.java:128)
at java.base/java.util.ArrayList.forEach(ArrayList.java:1511)
at org.testng.TestRunner.privateRun(TestRunner.java:794)
at org.testng.TestRunner.run(TestRunner.java:596)
at org.testng.SuiteRunner.runTest(SuiteRunner.java:377)
at org.testng.SuiteRunner.runSequentially(SuiteRunner.java:371)
at org.testng.SuiteRunner.privateRun(SuiteRunner.java:332)
at org.testng.SuiteRunner.run(SuiteRunner.java:276)
at org.testng.SuiteRunnerWorker.runSuite(SuiteRunnerWorker.java:53)
at org.testng.SuiteRunnerWorker.run(SuiteRunnerWorker.java:96)
at org.testng.TestNG.runSuitesSequentially(TestNG.java:1212)
at org.testng.TestNG.runSuitesLocally(TestNG.java:1134)
at org.testng.TestNG.runSuites(TestNG.java:1063)
at org.testng.TestNG.run(TestNG.java:1031)
at org.testng.remote.AbstractRemoteTestNG.run(AbstractRemoteTestNG.java:115)
at org.testng.remote.RemoteTestNG.initAndRun(RemoteTestNG.java:251)
at org.testng.remote.RemoteTestNG.main(RemoteTestNG.java:77)
]]>
            </full-stacktrace>
          </exception> <!-- org.openqa.selenium.ElementClickInterceptedException -->
          <reporter-output>
          </reporter-output>
        </test-method> <!-- stocktakeOpen -->
        <test-method is-config="true" signature="tearDown(org.testng.ITestResult)[pri:0, instance:strongroom.Agedcare@4310d43]" started-at="2024-01-17T14:49:16 IST" name="tearDown" finished-at="2024-01-17T14:49:23 IST" duration-ms="6734" status="PASS">
          <params>
            <param index="0">
              <value>
                <![CDATA[[TestResult name=stocktakeOpen status=FAILURE method=Agedcare.stocktakeOpen()[pri:10, instance:strongroom.Agedcare@4310d43] output={null}]]]>
              </value>
            </param>
          </params>
          <reporter-output>
          </reporter-output>
        </test-method> <!-- tearDown -->
        <test-method signature="stocktakeclose()[pri:11, instance:strongroom.Agedcare@4310d43]" started-at="2024-01-17T14:49:23 IST" name="stocktakeclose" finished-at="2024-01-17T14:49:24 IST" duration-ms="1127" status="FAIL">
          <exception class="org.openqa.selenium.ElementClickInterceptedException">
            <message>
              <![CDATA[element click intercepted: Element <p>...</p> is not clickable at point (702, 57). Other element would receive the click: <div class="modal-wrapper">...</div>
  (Session info: chrome=120.0.6099.216)
Build info: version: '4.16.1', revision: '9b4c83354e'
System info: os.name: 'Linux', os.arch: 'amd64', os.version: '5.15.0-91-generic', java.version: '17.0.7'
Driver info: org.openqa.selenium.chrome.ChromeDriver
Command: [1d5d6794b86755f106571fe178b7bfe0, clickElement {id=77B8F958E297B5C22670461E281CE7F3_element_683}]
Capabilities {acceptInsecureCerts: false, browserName: chrome, browserVersion: 120.0.6099.216, chrome: {chromedriverVersion: 120.0.6099.109 (3419140ab66..., userDataDir: /tmp/.org.chromium.Chromium...}, fedcm:accounts: true, goog:chromeOptions: {debuggerAddress: localhost:43407}, networkConnectionEnabled: false, pageLoadStrategy: normal, platformName: linux, proxy: Proxy(), se:cdp: ws://localhost:43407/devtoo..., se:cdpVersion: 120.0.6099.216, setWindowRect: true, strictFileInteractability: false, timeouts: {implicit: 0, pageLoad: 300000, script: 30000}, unhandledPromptBehavior: dismiss and notify, webauthn:extension:credBlob: true, webauthn:extension:largeBlob: true, webauthn:extension:minPinLength: true, webauthn:extension:prf: true, webauthn:virtualAuthenticators: true}
Element: [[ChromeDriver: chrome on linux (1d5d6794b86755f106571fe178b7bfe0)] -> xpath: //p[normalize-space()='Stock']]
Session ID: 1d5d6794b86755f106571fe178b7bfe0]]>
            </message>
            <full-stacktrace>
              <![CDATA[org.openqa.selenium.ElementClickInterceptedException: element click intercepted: Element <p>...</p> is not clickable at point (702, 57). Other element would receive the click: <div class="modal-wrapper">...</div>
  (Session info: chrome=120.0.6099.216)
Build info: version: '4.16.1', revision: '9b4c83354e'
System info: os.name: 'Linux', os.arch: 'amd64', os.version: '5.15.0-91-generic', java.version: '17.0.7'
Driver info: org.openqa.selenium.chrome.ChromeDriver
Command: [1d5d6794b86755f106571fe178b7bfe0, clickElement {id=77B8F958E297B5C22670461E281CE7F3_element_683}]
Capabilities {acceptInsecureCerts: false, browserName: chrome, browserVersion: 120.0.6099.216, chrome: {chromedriverVersion: 120.0.6099.109 (3419140ab66..., userDataDir: /tmp/.org.chromium.Chromium...}, fedcm:accounts: true, goog:chromeOptions: {debuggerAddress: localhost:43407}, networkConnectionEnabled: false, pageLoadStrategy: normal, platformName: linux, proxy: Proxy(), se:cdp: ws://localhost:43407/devtoo..., se:cdpVersion: 120.0.6099.216, setWindowRect: true, strictFileInteractability: false, timeouts: {implicit: 0, pageLoad: 300000, script: 30000}, unhandledPromptBehavior: dismiss and notify, webauthn:extension:credBlob: true, webauthn:extension:largeBlob: true, webauthn:extension:minPinLength: true, webauthn:extension:prf: true, webauthn:virtualAuthenticators: true}
Element: [[ChromeDriver: chrome on linux (1d5d6794b86755f106571fe178b7bfe0)] -> xpath: //p[normalize-space()='Stock']]
Session ID: 1d5d6794b86755f106571fe178b7bfe0
at java.base/jdk.internal.reflect.NativeConstructorAccessorImpl.newInstance0(Native Method)
at java.base/jdk.internal.reflect.NativeConstructorAccessorImpl.newInstance(NativeConstructorAccessorImpl.java:77)
at java.base/jdk.internal.reflect.DelegatingConstructorAccessorImpl.newInstance(DelegatingConstructorAccessorImpl.java:45)
at java.base/java.lang.reflect.Constructor.newInstanceWithCaller(Constructor.java:499)
at java.base/java.lang.reflect.Constructor.newInstance(Constructor.java:480)
at org.openqa.selenium.remote.codec.w3c.W3CHttpResponseCodec.createException(W3CHttpResponseCodec.java:200)
at org.openqa.selenium.remote.codec.w3c.W3CHttpResponseCodec.decode(W3CHttpResponseCodec.java:133)
at org.openqa.selenium.remote.codec.w3c.W3CHttpResponseCodec.decode(W3CHttpResponseCodec.java:52)
at org.openqa.selenium.remote.HttpCommandExecutor.execute(HttpCommandExecutor.java:191)
at org.openqa.selenium.remote.service.DriverCommandExecutor.invokeExecute(DriverCommandExecutor.java:200)
at org.openqa.selenium.remote.service.DriverCommandExecutor.execute(DriverCommandExecutor.java:175)
at org.openqa.selenium.remote.RemoteWebDriver.execute(RemoteWebDriver.java:523)
at org.openqa.selenium.remote.RemoteWebElement.execute(RemoteWebElement.java:224)
at org.openqa.selenium.remote.RemoteWebElement.click(RemoteWebElement.java:77)
at objects.Stocktakepages.clickStock(Stocktakepages.java:32)
at strongroom.Agedcare.stocktakeclose(Agedcare.java:226)
at java.base/jdk.internal.reflect.NativeMethodAccessorImpl.invoke0(Native Method)
at java.base/jdk.internal.reflect.NativeMethodAccessorImpl.invoke(NativeMethodAccessorImpl.java:77)
at java.base/jdk.internal.reflect.DelegatingMethodAccessorImpl.invoke(DelegatingMethodAccessorImpl.java:43)
at java.base/java.lang.reflect.Method.invoke(Method.java:568)
at org.testng.internal.MethodInvocationHelper.invokeMethod(MethodInvocationHelper.java:133)
at org.testng.internal.TestInvoker.invokeMethod(TestInvoker.java:598)
at org.testng.internal.TestInvoker.invokeTestMethod(TestInvoker.java:173)
at org.testng.internal.MethodRunner.runInSequence(MethodRunner.java:46)
at org.testng.internal.TestInvoker$MethodInvocationAgent.invoke(TestInvoker.java:824)
at org.testng.internal.TestInvoker.invokeTestMethods(TestInvoker.java:146)
at org.testng.internal.TestMethodWorker.invokeTestMethods(TestMethodWorker.java:146)
at org.testng.internal.TestMethodWorker.run(TestMethodWorker.java:128)
at java.base/java.util.ArrayList.forEach(ArrayList.java:1511)
at org.testng.TestRunner.privateRun(TestRunner.java:794)
at org.testng.TestRunner.run(TestRunner.java:596)
at org.testng.SuiteRunner.runTest(SuiteRunner.java:377)
at org.testng.SuiteRunner.runSequentially(SuiteRunner.java:371)
at org.testng.SuiteRunner.privateRun(SuiteRunner.java:332)
at org.testng.SuiteRunner.run(SuiteRunner.java:276)
at org.testng.SuiteRunnerWorker.runSuite(SuiteRunnerWorker.java:53)
at org.testng.SuiteRunnerWorker.run(SuiteRunnerWorker.java:96)
at org.testng.TestNG.runSuitesSequentially(TestNG.java:1212)
at org.testng.TestNG.runSuitesLocally(TestNG.java:1134)
at org.testng.TestNG.runSuites(TestNG.java:1063)
at org.testng.TestNG.run(TestNG.java:1031)
at org.testng.remote.AbstractRemoteTestNG.run(AbstractRemoteTestNG.java:115)
at org.testng.remote.RemoteTestNG.initAndRun(RemoteTestNG.java:251)
at org.testng.remote.RemoteTestNG.main(RemoteTestNG.java:77)
]]>
            </full-stacktrace>
          </exception> <!-- org.openqa.selenium.ElementClickInterceptedException -->
          <reporter-output>
          </reporter-output>
        </test-method> <!-- stocktakeclose -->
        <test-method is-config="true" signature="tearDown(org.testng.ITestResult)[pri:0, instance:strongroom.Agedcare@4310d43]" started-at="2024-01-17T14:49:24 IST" name="tearDown" finished-at="2024-01-17T14:49:31 IST" duration-ms="7150" status="PASS">
          <params>
            <param index="0">
              <value>
                <![CDATA[[TestResult name=stocktakeclose status=FAILURE method=Agedcare.stocktakeclose()[pri:11, instance:strongroom.Agedcare@4310d43] output={null}]]]>
              </value>
            </param>
          </params>
          <reporter-output>
          </reporter-output>
        </test-method> <!-- tearDown -->
        <test-method is-config="true" signature="tearDown()[pri:0, instance:strongroom.Agedcare@4310d43]" started-at="2024-01-17T14:49:31 IST" name="tearDown" finished-at="2024-01-17T14:49:31 IST" duration-ms="112" status="PASS">
          <reporter-output>
          </reporter-output>
        </test-method> <!-- tearDown -->
      </class> <!-- strongroom.Agedcare -->
    </test> <!-- Default test -->
  </suite> <!-- Default suite -->
</testng-results>
