<?xml version="1.0" encoding="UTF-8"?>
<testng-results ignored="10" total="12" passed="2" failed="0" skipped="0">
  <reporter-output>
  </reporter-output>
  <suite started-at="2024-01-15T11:48:18 IST" name="Default suite" finished-at="2024-01-15T11:48:58 IST" duration-ms="40444">
    <groups>
    </groups>
    <test started-at="2024-01-15T11:48:18 IST" name="Default test" finished-at="2024-01-15T11:48:58 IST" duration-ms="40444">
      <class name="strongroom.Agedcare">
        <test-method is-config="true" signature="setUp()[pri:0, instance:strongroom.Agedcare@49049a04]" started-at="2024-01-15T11:48:18 IST" name="setUp" finished-at="2024-01-15T11:48:20 IST" duration-ms="2790" status="PASS">
          <reporter-output>
          </reporter-output>
        </test-method> <!-- setUp -->
        <test-method signature="Login()[pri:0, instance:strongroom.Agedcare@49049a04]" started-at="2024-01-15T11:48:20 IST" name="Login" finished-at="2024-01-15T11:48:36 IST" duration-ms="15218" status="PASS">
          <reporter-output>
          </reporter-output>
        </test-method> <!-- Login -->
        <test-method is-config="true" signature="tearDown(org.testng.ITestResult)[pri:0, instance:strongroom.Agedcare@49049a04]" started-at="2024-01-15T11:48:36 IST" name="tearDown" finished-at="2024-01-15T11:48:37 IST" duration-ms="1516" status="PASS">
          <params>
            <param index="0">
              <value>
                <![CDATA[[TestResult name=Login status=SUCCESS method=Agedcare.Login()[pri:0, instance:strongroom.Agedcare@49049a04] output={null}]]]>
              </value>
            </param>
          </params>
          <reporter-output>
          </reporter-output>
        </test-method> <!-- tearDown -->
        <test-method signature="Adjustmentimprest()[pri:9, instance:strongroom.Agedcare@49049a04]" started-at="2024-01-15T11:48:37 IST" name="Adjustmentimprest" finished-at="2024-01-15T11:48:57 IST" duration-ms="19653" status="PASS">
          <reporter-output>
          </reporter-output>
        </test-method> <!-- Adjustmentimprest -->
        <test-method is-config="true" signature="tearDown(org.testng.ITestResult)[pri:0, instance:strongroom.Agedcare@49049a04]" started-at="2024-01-15T11:48:57 IST" name="tearDown" finished-at="2024-01-15T11:48:58 IST" duration-ms="1150" status="PASS">
          <params>
            <param index="0">
              <value>
                <![CDATA[[TestResult name=Adjustmentimprest status=SUCCESS method=Agedcare.Adjustmentimprest()[pri:9, instance:strongroom.Agedcare@49049a04] output={null}]]]>
              </value>
            </param>
          </params>
          <reporter-output>
          </reporter-output>
        </test-method> <!-- tearDown -->
        <test-method is-config="true" signature="tearDown()[pri:0, instance:strongroom.Agedcare@49049a04]" started-at="2024-01-15T11:48:58 IST" name="tearDown" finished-at="2024-01-15T11:48:58 IST" duration-ms="88" status="PASS">
          <reporter-output>
          </reporter-output>
        </test-method> <!-- tearDown -->
      </class> <!-- strongroom.Agedcare -->
    </test> <!-- Default test -->
  </suite> <!-- Default suite -->
</testng-results>
