<?xml version="1.0" encoding="UTF-8"?>
<testng-results ignored="10" total="11" passed="1" failed="0" skipped="0">
  <reporter-output>
  </reporter-output>
  <suite started-at="2024-01-22T10:05:02 IST" name="Default suite" finished-at="2024-01-22T10:05:54 IST" duration-ms="51818">
    <groups>
    </groups>
    <test started-at="2024-01-22T10:05:02 IST" name="Default test" finished-at="2024-01-22T10:05:54 IST" duration-ms="51818">
      <class name="strongroom.Agedcare">
        <test-method is-config="true" signature="setUp()[pri:0, instance:strongroom.Agedcare@201a4587]" started-at="2024-01-22T10:05:02 IST" name="setUp" finished-at="2024-01-22T10:05:21 IST" duration-ms="19013" status="PASS">
          <reporter-output>
          </reporter-output>
        </test-method> <!-- setUp -->
        <test-method signature="TransferinImprest()[pri:1, instance:strongroom.Agedcare@201a4587]" started-at="2024-01-22T10:05:21 IST" name="TransferinImprest" finished-at="2024-01-22T10:05:44 IST" duration-ms="22598" status="PASS">
          <reporter-output>
          </reporter-output>
        </test-method> <!-- TransferinImprest -->
        <test-method is-config="true" signature="tearDown(org.testng.ITestResult)[pri:0, instance:strongroom.Agedcare@201a4587]" started-at="2024-01-22T10:05:44 IST" name="tearDown" finished-at="2024-01-22T10:05:54 IST" duration-ms="10080" status="PASS">
          <params>
            <param index="0">
              <value>
                <![CDATA[[TestResult name=TransferinImprest status=SUCCESS method=Agedcare.TransferinImprest()[pri:1, instance:strongroom.Agedcare@201a4587] output={null}]]]>
              </value>
            </param>
          </params>
          <reporter-output>
          </reporter-output>
        </test-method> <!-- tearDown -->
        <test-method is-config="true" signature="tearDown()[pri:0, instance:strongroom.Agedcare@201a4587]" started-at="2024-01-22T10:05:54 IST" name="tearDown" finished-at="2024-01-22T10:05:54 IST" duration-ms="91" status="PASS">
          <reporter-output>
          </reporter-output>
        </test-method> <!-- tearDown -->
      </class> <!-- strongroom.Agedcare -->
    </test> <!-- Default test -->
  </suite> <!-- Default suite -->
</testng-results>
